{"numFailedTestSuites":0,"numFailedTests":0,"numPassedTestSuites":107,"numPassedTests":251,"numPendingTestSuites":0,"numPendingTests":0,"numRuntimeErrorTestSuites":0,"numTodoTests":0,"numTotalTestSuites":107,"numTotalTests":251,"openHandles":[],"snapshot":{"added":0,"didUpdate":false,"failure":false,"filesAdded":0,"filesRemoved":0,"filesRemovedList":[],"filesUnmatched":0,"filesUpdated":0,"matched":0,"total":0,"unchecked":0,"uncheckedKeysByFile":[],"unmatched":0,"updated":0},"startTime":1788227916265,"success":true,"testResults":[{"assertionResults":[{"ancestorTitles":["LibraryManagementSystem/ListBookHistory/listOverDueBook"],"duration":3,"failureDetails":[],"failureMessages":[],"fullName":"LibraryManagementSystem/ListBookHistory/listOverDueBook Happy Path","invocations":1,"location":null,"numPassingAsserts":1,"retryReasons":[],"status":"passed","title":"Happy Path"},{"ancestorTitles":["LibraryManagementSystem/ListBookHistory/listOverDueBook"],"duration":17,"failureDetails":[],"failureMessages":[],"fullName":"LibraryManagementSystem/ListBookHistory/listOverDueBook rejects an unknown user without producing a result","invocations":1,"location":null,"numPassingAsserts":2,"retryReasons":[],"status":"passed","title":"rejects an unknown user without producing a result"}],"endTime":1788227916617,"message":"","name":"E:\\VSCode\\VSCode-win32-x64-1.100.3\\workspace\\home\\Contractgen\\test\\LibraryManagementSystem-listBookHistory-listOverDueBook\\index.test.ts","startTime":1788227916307,"status":"passed","summary":""},{"assertionResults":[{"ancestorTitles":["LibraryManagementSystem/LibraryManagementSystemSystem/borrowBook"],"duration":6,"failureDetails":[],"failureMessages":[],"fullName":"LibraryManagementSystem/LibraryManagementSystemSystem/borrowBook loans a reserved copy to a student and records every post-state obligation","invocations":1,"location":null,"numPassingAsserts":17,"retryReasons":[],"status":"passed","title":"loans a reserved copy to a student and records every post-state obligation"},{"ancestorTitles":["LibraryManagementSystem/LibraryManagementSystemSystem/borrowBook"],"duration":1,"failureDetails":[],"failureMessages":[],"fullName":"LibraryManagementSystem/LibraryManagementSystemSystem/borrowBook loans an available copy to faculty with a 60-day due date","invocations":1,"location":null,"numPassingAsserts":4,"retryReasons":[],"status":"passed","title":"loans an available copy to faculty with a 60-day due date"},{"ancestorTitles":["LibraryManagementSystem/LibraryManagementSystemSystem/borrowBook"],"duration":11,"failureDetails":[],"failureMessages":[],"fullName":"LibraryManagementSystem/LibraryManagementSystemSystem/borrowBook rejects when user does not exist","invocations":1,"location":null,"numPassingAsserts":3,"retryReasons":[],"status":"passed","title":"rejects when user does not exist"},{"ancestorTitles":["LibraryManagementSystem/LibraryManagementSystemSystem/borrowBook"],"duration":1,"failureDetails":[],"failureMessages":[],"fullName":"LibraryManagementSystem/LibraryManagementSystemSystem/borrowBook rejects when copy does not exist","invocations":1,"location":null,"numPassingAsserts":3,"retryReasons":[],"status":"passed","title":"rejects when copy does not exist"},{"ancestorTitles":["LibraryManagementSystem/LibraryManagementSystemSystem/borrowBook"],"duration":1,"failureDetails":[],"failureMessages":[],"fullName":"LibraryManagementSystem/LibraryManagementSystemSystem/borrowBook rejects a suspended user without changing state","invocations":1,"location":null,"numPassingAsserts":4,"retryReasons":[],"status":"passed","title":"rejects a suspended user without changing state"},{"ancestorTitles":["LibraryManagementSystem/LibraryManagementSystemSystem/borrowBook"],"duration":2,"failureDetails":[],"failureMessages":[],"fullName":"LibraryManagementSystem/LibraryManagementSystemSystem/borrowBook rejects a faculty member at the loan quota","invocations":1,"location":null,"numPassingAsserts":4,"retryReasons":[],"status":"passed","title":"rejects a faculty member at the loan quota"},{"ancestorTitles":["LibraryManagementSystem/LibraryManagementSystemSystem/borrowBook"],"duration":1,"failureDetails":[],"failureMessages":[],"fullName":"LibraryManagementSystem/LibraryManagementSystemSystem/borrowBook rejects a BACHELOR student at the 20-loan quota","invocations":1,"location":null,"numPassingAsserts":4,"retryReasons":[],"status":"passed","title":"rejects a BACHELOR student at the 20-loan quota"},{"ancestorTitles":["LibraryManagementSystem/LibraryManagementSystemSystem/borrowBook"],"duration":1,"failureDetails":[],"failureMessages":[],"fullName":"LibraryManagementSystem/LibraryManagementSystemSystem/borrowBook rejects a MASTER student at the 40-loan quota","invocations":1,"location":null,"numPassingAsserts":4,"retryReasons":[],"status":"passed","title":"rejects a MASTER student at the 40-loan quota"},{"ancestorTitles":["LibraryManagementSystem/LibraryManagementSystemSystem/borrowBook"],"duration":0,"failureDetails":[],"failureMessages":[],"fullName":"LibraryManagementSystem/LibraryManagementSystemSystem/borrowBook rejects a PHD student at the 60-loan quota","invocations":1,"location":null,"numPassingAsserts":4,"retryReasons":[],"status":"passed","title":"rejects a PHD student at the 60-loan quota"},{"ancestorTitles":["LibraryManagementSystem/LibraryManagementSystemSystem/borrowBook"],"duration":1,"failureDetails":[],"failureMessages":[],"fullName":"LibraryManagementSystem/LibraryManagementSystemSystem/borrowBook accepts a BACHELOR student immediately below the programme quota","invocations":1,"location":null,"numPassingAsserts":4,"retryReasons":[],"status":"passed","title":"accepts a BACHELOR student immediately below the programme quota"},{"ancestorTitles":["LibraryManagementSystem/LibraryManagementSystemSystem/borrowBook"],"duration":0,"failureDetails":[],"failureMessages":[],"fullName":"LibraryManagementSystem/LibraryManagementSystemSystem/borrowBook accepts a MASTER student immediately below the programme quota","invocations":1,"location":null,"numPassingAsserts":4,"retryReasons":[],"status":"passed","title":"accepts a MASTER student immediately below the programme quota"},{"ancestorTitles":["LibraryManagementSystem/LibraryManagementSystemSystem/borrowBook"],"duration":1,"failureDetails":[],"failureMessages":[],"fullName":"LibraryManagementSystem/LibraryManagementSystemSystem/borrowBook accepts a PHD student immediately below the programme quota","invocations":1,"location":null,"numPassingAsserts":4,"retryReasons":[],"status":"passed","title":"accepts a PHD student immediately below the programme quota"}],"endTime":1788227916708,"message":"","name":"E:\\VSCode\\VSCode-win32-x64-1.100.3\\workspace\\home\\Contractgen\\test\\LibraryManagementSystem-LibraryManagementSystemSystem-borrowBook\\index.test.ts","startTime":1788227916631,"status":"passed","summary":""},{"assertionResults":[{"ancestorTitles":["LibraryManagementSystem/LibraryManagementSystemSystem/renewBook"],"duration":2,"failureDetails":[],"failureMessages":[],"fullName":"LibraryManagementSystem/LibraryManagementSystemSystem/renewBook extends the due date by 20 days for student/BACHELOR","invocations":1,"location":null,"numPassingAsserts":4,"retryReasons":[],"status":"passed","title":"extends the due date by 20 days for student/BACHELOR"},{"ancestorTitles":["LibraryManagementSystem/LibraryManagementSystemSystem/renewBook"],"duration":2,"failureDetails":[],"failureMessages":[],"fullName":"LibraryManagementSystem/LibraryManagementSystemSystem/renewBook extends the due date by 40 days for student/MASTER","invocations":1,"location":null,"numPassingAsserts":4,"retryReasons":[],"status":"passed","title":"extends the due date by 40 days for student/MASTER"},{"ancestorTitles":["LibraryManagementSystem/LibraryManagementSystemSystem/renewBook"],"duration":1,"failureDetails":[],"failureMessages":[],"fullName":"LibraryManagementSystem/LibraryManagementSystemSystem/renewBook extends the due date by 60 days for student/PHD","invocations":1,"location":null,"numPassingAsserts":4,"retryReasons":[],"status":"passed","title":"extends the due date by 60 days for student/PHD"},{"ancestorTitles":["LibraryManagementSystem/LibraryManagementSystemSystem/renewBook"],"duration":1,"failureDetails":[],"failureMessages":[],"fullName":"LibraryManagementSystem/LibraryManagementSystemSystem/renewBook extends the due date by 60 days for faculty/BACHELOR","invocations":1,"location":null,"numPassingAsserts":4,"retryReasons":[],"status":"passed","title":"extends the due date by 60 days for faculty/BACHELOR"},{"ancestorTitles":["LibraryManagementSystem/LibraryManagementSystemSystem/renewBook"],"duration":10,"failureDetails":[],"failureMessages":[],"fullName":"LibraryManagementSystem/LibraryManagementSystemSystem/renewBook rejects a student at the three-renewal limit","invocations":1,"location":null,"numPassingAsserts":3,"retryReasons":[],"status":"passed","title":"rejects a student at the three-renewal limit"},{"ancestorTitles":["LibraryManagementSystem/LibraryManagementSystemSystem/renewBook"],"duration":1,"failureDetails":[],"failureMessages":[],"fullName":"LibraryManagementSystem/LibraryManagementSystemSystem/renewBook rejects a faculty user at the six-renewal limit","invocations":1,"location":null,"numPassingAsserts":3,"retryReasons":[],"status":"passed","title":"rejects a faculty user at the six-renewal limit"},{"ancestorTitles":["LibraryManagementSystem/LibraryManagementSystemSystem/renewBook"],"duration":0,"failureDetails":[],"failureMessages":[],"fullName":"LibraryManagementSystem/LibraryManagementSystemSystem/renewBook rejects a reserved copy","invocations":1,"location":null,"numPassingAsserts":2,"retryReasons":[],"status":"passed","title":"rejects a reserved copy"},{"ancestorTitles":["LibraryManagementSystem/LibraryManagementSystemSystem/renewBook"],"duration":1,"failureDetails":[],"failureMessages":[],"fullName":"LibraryManagementSystem/LibraryManagementSystemSystem/renewBook rejects a loan whose due date is today","invocations":1,"location":null,"numPassingAsserts":2,"retryReasons":[],"status":"passed","title":"rejects a loan whose due date is today"},{"ancestorTitles":["LibraryManagementSystem/LibraryManagementSystemSystem/renewBook"],"duration":0,"failureDetails":[],"failureMessages":[],"fullName":"LibraryManagementSystem/LibraryManagementSystemSystem/renewBook rejects a loan with an overdue fee","invocations":1,"location":null,"numPassingAsserts":2,"retryReasons":[],"status":"passed","title":"rejects a loan with an overdue fee"},{"ancestorTitles":["LibraryManagementSystem/LibraryManagementSystemSystem/renewBook"],"duration":0,"failureDetails":[],"failureMessages":[],"fullName":"LibraryManagementSystem/LibraryManagementSystemSystem/renewBook rejects when user borrow status is not NORMAL","invocations":1,"location":null,"numPassingAsserts":2,"retryReasons":[],"status":"passed","title":"rejects when user borrow status is not NORMAL"}],"endTime":1788227916772,"message":"","name":"E:\\VSCode\\VSCode-win32-x64-1.100.3\\workspace\\home\\Contractgen\\test\\LibraryManagementSystem-LibraryManagementSystemSystem-renewBook\\index.test.ts","startTime":1788227916711,"status":"passed","summary":""},{"assertionResults":[{"ancestorTitles":["CoCoME/ManageSupplierCRUDService/createSupplier"],"duration":0,"failureDetails":[],"failureMessages":[],"fullName":"CoCoME/ManageSupplierCRUDService/createSupplier Happy Path","invocations":1,"location":null,"numPassingAsserts":2,"retryReasons":[],"status":"passed","title":"Happy Path"},{"ancestorTitles":["CoCoME/ManageSupplierCRUDService/createSupplier"],"duration":7,"failureDetails":[],"failureMessages":[],"fullName":"CoCoME/ManageSupplierCRUDService/createSupplier rejects when identifier is already used","invocations":1,"location":null,"numPassingAsserts":3,"retryReasons":[],"status":"passed","title":"rejects when identifier is already used"}],"endTime":1788227916827,"message":"","name":"E:\\VSCode\\VSCode-win32-x64-1.100.3\\workspace\\home\\Contractgen\\test\\CoCoME-ManageSupplierCRUDService-createSupplier\\index.test.ts","startTime":1788227916775,"status":"passed","summary":""},{"assertionResults":[{"ancestorTitles":["LibraryManagementSystem/LibraryManagementSystemSystem/listRecommendBook"],"duration":0,"failureDetails":[],"failureMessages":[],"fullName":"LibraryManagementSystem/LibraryManagementSystemSystem/listRecommendBook Happy Path","invocations":1,"location":null,"numPassingAsserts":1,"retryReasons":[],"status":"passed","title":"Happy Path"},{"ancestorTitles":["LibraryManagementSystem/LibraryManagementSystemSystem/listRecommendBook"],"duration":5,"failureDetails":[],"failureMessages":[],"fullName":"LibraryManagementSystem/LibraryManagementSystemSystem/listRecommendBook rejects when recommended book list is undefined","invocations":1,"location":null,"numPassingAsserts":1,"retryReasons":[],"status":"passed","title":"rejects when recommended book list is undefined"}],"endTime":1788227916877,"message":"","name":"E:\\VSCode\\VSCode-win32-x64-1.100.3\\workspace\\home\\Contractgen\\test\\LibraryManagementSystem-LibraryManagementSystemSystem-listRecommendBook\\index.test.ts","startTime":1788227916829,"status":"passed","summary":""},{"assertionResults":[{"ancestorTitles":["CoCoME/ManageSupplierCRUDService/deleteSupplier"],"duration":0,"failureDetails":[],"failureMessages":[],"fullName":"CoCoME/ManageSupplierCRUDService/deleteSupplier Happy Path","invocations":1,"location":null,"numPassingAsserts":2,"retryReasons":[],"status":"passed","title":"Happy Path"},{"ancestorTitles":["CoCoME/ManageSupplierCRUDService/deleteSupplier"],"duration":5,"failureDetails":[],"failureMessages":[],"fullName":"CoCoME/ManageSupplierCRUDService/deleteSupplier rejects when referenced entity does not exist","invocations":1,"location":null,"numPassingAsserts":1,"retryReasons":[],"status":"passed","title":"rejects when referenced entity does not exist"}],"endTime":1788227916930,"message":"","name":"E:\\VSCode\\VSCode-win32-x64-1.100.3\\workspace\\home\\Contractgen\\test\\CoCoME-ManageSupplierCRUDService-deleteSupplier\\index.test.ts","startTime":1788227916882,"status":"passed","summary":""},{"assertionResults":[{"ancestorTitles":["CoCoME/ManageItemCRUDService/modifyItem"],"duration":1,"failureDetails":[],"failureMessages":[],"fullName":"CoCoME/ManageItemCRUDService/modifyItem Happy Path","invocations":1,"location":null,"numPassingAsserts":5,"retryReasons":[],"status":"passed","title":"Happy Path"},{"ancestorTitles":["CoCoME/ManageItemCRUDService/modifyItem"],"duration":6,"failureDetails":[],"failureMessages":[],"fullName":"CoCoME/ManageItemCRUDService/modifyItem rejects when referenced entity does not exist","invocations":1,"location":null,"numPassingAsserts":1,"retryReasons":[],"status":"passed","title":"rejects when referenced entity does not exist"}],"endTime":1788227916986,"message":"","name":"E:\\VSCode\\VSCode-win32-x64-1.100.3\\workspace\\home\\Contractgen\\test\\CoCoME-ManageItemCRUDService-modifyItem\\index.test.ts","startTime":1788227916932,"status":"passed","summary":""},{"assertionResults":[{"ancestorTitles":["LoanProcessingSystem/SubmitLoanRequestModule/calculateScore"],"duration":1,"failureDetails":[],"failureMessages":[],"fullName":"LoanProcessingSystem/SubmitLoanRequestModule/calculateScore Happy Path","invocations":1,"location":null,"numPassingAsserts":3,"retryReasons":[],"status":"passed","title":"Happy Path"},{"ancestorTitles":["LoanProcessingSystem/SubmitLoanRequestModule/calculateScore"],"duration":5,"failureDetails":[],"failureMessages":[],"fullName":"LoanProcessingSystem/SubmitLoanRequestModule/calculateScore rejects when precondition is violated","invocations":1,"location":null,"numPassingAsserts":1,"retryReasons":[],"status":"passed","title":"rejects when precondition is violated"}],"endTime":1788227917042,"message":"","name":"E:\\VSCode\\VSCode-win32-x64-1.100.3\\workspace\\home\\Contractgen\\test\\LoanProcessingSystem-SubmitLoanRequestModule-calculateScore\\index.test.ts","startTime":1788227916989,"status":"passed","summary":""},{"assertionResults":[{"ancestorTitles":["LibraryManagementSystem/ManageSubjectCRUDService/createSubject"],"duration":1,"failureDetails":[],"failureMessages":[],"fullName":"LibraryManagementSystem/ManageSubjectCRUDService/createSubject Happy Path","invocations":1,"location":null,"numPassingAsserts":2,"retryReasons":[],"status":"passed","title":"Happy Path"},{"ancestorTitles":["LibraryManagementSystem/ManageSubjectCRUDService/createSubject"],"duration":5,"failureDetails":[],"failureMessages":[],"fullName":"LibraryManagementSystem/ManageSubjectCRUDService/createSubject rejects when identifier is already used","invocations":1,"location":null,"numPassingAsserts":3,"retryReasons":[],"status":"passed","title":"rejects when identifier is already used"}],"endTime":1788227917092,"message":"","name":"E:\\VSCode\\VSCode-win32-x64-1.100.3\\workspace\\home\\Contractgen\\test\\LibraryManagementSystem-ManageSubjectCRUDService-createSubject\\index.test.ts","startTime":1788227917046,"status":"passed","summary":""},{"assertionResults":[{"ancestorTitles":["LibraryManagementSystem/ManageBookCRUDService/createBook"],"duration":1,"failureDetails":[],"failureMessages":[],"fullName":"LibraryManagementSystem/ManageBookCRUDService/createBook Happy Path","invocations":1,"location":null,"numPassingAsserts":9,"retryReasons":[],"status":"passed","title":"Happy Path"},{"ancestorTitles":["LibraryManagementSystem/ManageBookCRUDService/createBook"],"duration":6,"failureDetails":[],"failureMessages":[],"fullName":"LibraryManagementSystem/ManageBookCRUDService/createBook rejects when identifier is already used","invocations":1,"location":null,"numPassingAsserts":10,"retryReasons":[],"status":"passed","title":"rejects when identifier is already used"}],"endTime":1788227917143,"message":"","name":"E:\\VSCode\\VSCode-win32-x64-1.100.3\\workspace\\home\\Contractgen\\test\\LibraryManagementSystem-ManageBookCRUDService-createBook\\index.test.ts","startTime":1788227917095,"status":"passed","summary":""},{"assertionResults":[{"ancestorTitles":["AutomatedTellerMachine/AutomatedTellerMachineSystem/checkBalance"],"duration":1,"failureDetails":[],"failureMessages":[],"fullName":"AutomatedTellerMachine/AutomatedTellerMachineSystem/checkBalance Happy Path: returns current card balance without changing it","invocations":1,"location":null,"numPassingAsserts":5,"retryReasons":[],"status":"passed","title":"Happy Path: returns current card balance without changing it"},{"ancestorTitles":["AutomatedTellerMachine/AutomatedTellerMachineSystem/checkBalance"],"duration":5,"failureDetails":[],"failureMessages":[],"fullName":"AutomatedTellerMachine/AutomatedTellerMachineSystem/checkBalance rejects when password is not validated","invocations":1,"location":null,"numPassingAsserts":2,"retryReasons":[],"status":"passed","title":"rejects when password is not validated"},{"ancestorTitles":["AutomatedTellerMachine/AutomatedTellerMachineSystem/checkBalance"],"duration":0,"failureDetails":[],"failureMessages":[],"fullName":"AutomatedTellerMachine/AutomatedTellerMachineSystem/checkBalance rejects when current card is missing","invocations":1,"location":null,"numPassingAsserts":1,"retryReasons":[],"status":"passed","title":"rejects when current card is missing"}],"endTime":1788227917196,"message":"","name":"E:\\VSCode\\VSCode-win32-x64-1.100.3\\workspace\\home\\Contractgen\\test\\AutomatedTellerMachine-AutomatedTellerMachineSystem-checkBalance\\index.test.ts","startTime":1788227917148,"status":"passed","summary":""},{"assertionResults":[{"ancestorTitles":["LibraryManagementSystem/LibraryManagementSystemSystem/payOverDueFee"],"duration":1,"failureDetails":[],"failureMessages":[],"fullName":"LibraryManagementSystem/LibraryManagementSystemSystem/payOverDueFee Happy Path","invocations":1,"location":null,"numPassingAsserts":3,"retryReasons":[],"status":"passed","title":"Happy Path"},{"ancestorTitles":["LibraryManagementSystem/LibraryManagementSystemSystem/payOverDueFee"],"duration":5,"failureDetails":[],"failureMessages":[],"fullName":"LibraryManagementSystem/LibraryManagementSystemSystem/payOverDueFee rejects when fee is less than outstanding overdue fee","invocations":1,"location":null,"numPassingAsserts":3,"retryReasons":[],"status":"passed","title":"rejects when fee is less than outstanding overdue fee"}],"endTime":1788227917241,"message":"","name":"E:\\VSCode\\VSCode-win32-x64-1.100.3\\workspace\\home\\Contractgen\\test\\LibraryManagementSystem-LibraryManagementSystemSystem-payOverDueFee\\index.test.ts","startTime":1788227917198,"status":"passed","summary":""},{"assertionResults":[{"ancestorTitles":["LibraryManagementSystem/LibraryManagementSystemSystem/makeReservation"],"duration":2,"failureDetails":[],"failureMessages":[],"fullName":"LibraryManagementSystem/LibraryManagementSystemSystem/makeReservation Happy Path","invocations":1,"location":null,"numPassingAsserts":11,"retryReasons":[],"status":"passed","title":"Happy Path"},{"ancestorTitles":["LibraryManagementSystem/LibraryManagementSystemSystem/makeReservation"],"duration":7,"failureDetails":[],"failureMessages":[],"fullName":"LibraryManagementSystem/LibraryManagementSystemSystem/makeReservation rejects when user does not exist","invocations":1,"location":null,"numPassingAsserts":1,"retryReasons":[],"status":"passed","title":"rejects when user does not exist"}],"endTime":1788227917291,"message":"","name":"E:\\VSCode\\VSCode-win32-x64-1.100.3\\workspace\\home\\Contractgen\\test\\LibraryManagementSystem-LibraryManagementSystemSystem-makeReservation\\index.test.ts","startTime":1788227917244,"status":"passed","summary":""},{"assertionResults":[{"ancestorTitles":["AutomatedTellerMachine/AutomatedTellerMachineSystem/depositFunds"],"duration":1,"failureDetails":[],"failureMessages":[],"fullName":"AutomatedTellerMachine/AutomatedTellerMachineSystem/depositFunds Happy Path: deposits amount and records deposit state","invocations":1,"location":null,"numPassingAsserts":4,"retryReasons":[],"status":"passed","title":"Happy Path: deposits amount and records deposit state"},{"ancestorTitles":["AutomatedTellerMachine/AutomatedTellerMachineSystem/depositFunds"],"duration":6,"failureDetails":[],"failureMessages":[],"fullName":"AutomatedTellerMachine/AutomatedTellerMachineSystem/depositFunds rejects when deposit amount is below 100","invocations":1,"location":null,"numPassingAsserts":3,"retryReasons":[],"status":"passed","title":"rejects when deposit amount is below 100"},{"ancestorTitles":["AutomatedTellerMachine/AutomatedTellerMachineSystem/depositFunds"],"duration":0,"failureDetails":[],"failureMessages":[],"fullName":"AutomatedTellerMachine/AutomatedTellerMachineSystem/depositFunds rejects when session is not authenticated","invocations":1,"location":null,"numPassingAsserts":2,"retryReasons":[],"status":"passed","title":"rejects when session is not authenticated"}],"endTime":1788227917347,"message":"","name":"E:\\VSCode\\VSCode-win32-x64-1.100.3\\workspace\\home\\Contractgen\\test\\AutomatedTellerMachine-AutomatedTellerMachineSystem-depositFunds\\index.test.ts","startTime":1788227917293,"status":"passed","summary":""},{"assertionResults":[{"ancestorTitles":["CoCoME/ProcessSaleService/makeCashPayment"],"duration":2,"failureDetails":[],"failureMessages":[],"fullName":"CoCoME/ProcessSaleService/makeCashPayment Happy Path: records cash payment and completes sale","invocations":1,"location":null,"numPassingAsserts":10,"retryReasons":[],"status":"passed","title":"Happy Path: records cash payment and completes sale"},{"ancestorTitles":["CoCoME/ProcessSaleService/makeCashPayment"],"duration":7,"failureDetails":[],"failureMessages":[],"fullName":"CoCoME/ProcessSaleService/makeCashPayment rejects when sale is not ready to pay","invocations":1,"location":null,"numPassingAsserts":3,"retryReasons":[],"status":"passed","title":"rejects when sale is not ready to pay"},{"ancestorTitles":["CoCoME/ProcessSaleService/makeCashPayment"],"duration":0,"failureDetails":[],"failureMessages":[],"fullName":"CoCoME/ProcessSaleService/makeCashPayment rejects when current sale is missing","invocations":1,"location":null,"numPassingAsserts":2,"retryReasons":[],"status":"passed","title":"rejects when current sale is missing"}],"endTime":1788227917408,"message":"","name":"E:\\VSCode\\VSCode-win32-x64-1.100.3\\workspace\\home\\Contractgen\\test\\CoCoME-ProcessSaleService-makeCashPayment\\index.test.ts","startTime":1788227917351,"status":"passed","summary":""},{"assertionResults":[{"ancestorTitles":["LoanProcessingSystem/GenerateLoanLetterAndAgreementModule/createLoanAccount"],"duration":2,"failureDetails":[],"failureMessages":[],"fullName":"LoanProcessingSystem/GenerateLoanLetterAndAgreementModule/createLoanAccount Happy Path","invocations":1,"location":null,"numPassingAsserts":4,"retryReasons":[],"status":"passed","title":"Happy Path"},{"ancestorTitles":["LoanProcessingSystem/GenerateLoanLetterAndAgreementModule/createLoanAccount"],"duration":5,"failureDetails":[],"failureMessages":[],"fullName":"LoanProcessingSystem/GenerateLoanLetterAndAgreementModule/createLoanAccount rejects when identifier is already used","invocations":1,"location":null,"numPassingAsserts":5,"retryReasons":[],"status":"passed","title":"rejects when identifier is already used"}],"endTime":1788227917449,"message":"","name":"E:\\VSCode\\VSCode-win32-x64-1.100.3\\workspace\\home\\Contractgen\\test\\LoanProcessingSystem-GenerateLoanLetterAndAgreementModule-createLoanAccount\\index.test.ts","startTime":1788227917411,"status":"passed","summary":""},{"assertionResults":[{"ancestorTitles":["LibraryManagementSystem/ManageBookCopyCRUDService/addBookCopy"],"duration":1,"failureDetails":[],"failureMessages":[],"fullName":"LibraryManagementSystem/ManageBookCopyCRUDService/addBookCopy Happy Path","invocations":1,"location":null,"numPassingAsserts":8,"retryReasons":[],"status":"passed","title":"Happy Path"},{"ancestorTitles":["LibraryManagementSystem/ManageBookCopyCRUDService/addBookCopy"],"duration":8,"failureDetails":[],"failureMessages":[],"fullName":"LibraryManagementSystem/ManageBookCopyCRUDService/addBookCopy rejects when identifier is already used","invocations":1,"location":null,"numPassingAsserts":9,"retryReasons":[],"status":"passed","title":"rejects when identifier is already used"}],"endTime":1788227917496,"message":"","name":"E:\\VSCode\\VSCode-win32-x64-1.100.3\\workspace\\home\\Contractgen\\test\\LibraryManagementSystem-ManageBookCopyCRUDService-addBookCopy\\index.test.ts","startTime":1788227917451,"status":"passed","summary":""},{"assertionResults":[{"ancestorTitles":["LibraryManagementSystem/LibraryManagementSystemSystem/recommendBook"],"duration":1,"failureDetails":[],"failureMessages":[],"fullName":"LibraryManagementSystem/LibraryManagementSystemSystem/recommendBook Happy Path","invocations":1,"location":null,"numPassingAsserts":12,"retryReasons":[],"status":"passed","title":"Happy Path"},{"ancestorTitles":["LibraryManagementSystem/LibraryManagementSystemSystem/recommendBook"],"duration":7,"failureDetails":[],"failureMessages":[],"fullName":"LibraryManagementSystem/LibraryManagementSystemSystem/recommendBook rejects when precondition is violated","invocations":1,"location":null,"numPassingAsserts":1,"retryReasons":[],"status":"passed","title":"rejects when precondition is violated"}],"endTime":1788227917544,"message":"","name":"E:\\VSCode\\VSCode-win32-x64-1.100.3\\workspace\\home\\Contractgen\\test\\LibraryManagementSystem-LibraryManagementSystemSystem-recommendBook\\index.test.ts","startTime":1788227917498,"status":"passed","summary":""},{"assertionResults":[{"ancestorTitles":["LoanProcessingSystem/SubmitLoanRequestModule/enterLoanInformation"],"duration":1,"failureDetails":[],"failureMessages":[],"fullName":"LoanProcessingSystem/SubmitLoanRequestModule/enterLoanInformation Happy Path","invocations":1,"location":null,"numPassingAsserts":15,"retryReasons":[],"status":"passed","title":"Happy Path"},{"ancestorTitles":["LoanProcessingSystem/SubmitLoanRequestModule/enterLoanInformation"],"duration":7,"failureDetails":[],"failureMessages":[],"fullName":"LoanProcessingSystem/SubmitLoanRequestModule/enterLoanInformation rejects when request id already exists","invocations":1,"location":null,"numPassingAsserts":3,"retryReasons":[],"status":"passed","title":"rejects when request id already exists"}],"endTime":1788227917592,"message":"","name":"E:\\VSCode\\VSCode-win32-x64-1.100.3\\workspace\\home\\Contractgen\\test\\LoanProcessingSystem-SubmitLoanRequestModule-enterLoanInformation\\index.test.ts","startTime":1788227917548,"status":"passed","summary":""},{"assertionResults":[{"ancestorTitles":["CoCoME/ManageCashierCRUDService/modifyCashier"],"duration":0,"failureDetails":[],"failureMessages":[],"fullName":"CoCoME/ManageCashierCRUDService/modifyCashier Happy Path","invocations":1,"location":null,"numPassingAsserts":2,"retryReasons":[],"status":"passed","title":"Happy Path"},{"ancestorTitles":["CoCoME/ManageCashierCRUDService/modifyCashier"],"duration":5,"failureDetails":[],"failureMessages":[],"fullName":"CoCoME/ManageCashierCRUDService/modifyCashier rejects when referenced entity does not exist","invocations":1,"location":null,"numPassingAsserts":1,"retryReasons":[],"status":"passed","title":"rejects when referenced entity does not exist"}],"endTime":1788227917636,"message":"","name":"E:\\VSCode\\VSCode-win32-x64-1.100.3\\workspace\\home\\Contractgen\\test\\CoCoME-ManageCashierCRUDService-modifyCashier\\index.test.ts","startTime":1788227917594,"status":"passed","summary":""},{"assertionResults":[{"ancestorTitles":["Airport/RepairService/approve"],"duration":1,"failureDetails":[],"failureMessages":[],"fullName":"Airport/RepairService/approve Happy Path: records approval history and advances process for role 1","invocations":1,"location":null,"numPassingAsserts":5,"retryReasons":[],"status":"passed","title":"Happy Path: records approval history and advances process for role 1"},{"ancestorTitles":["Airport/RepairService/approve"],"duration":1,"failureDetails":[],"failureMessages":[],"fullName":"Airport/RepairService/approve advances the repair for manager approval","invocations":1,"location":null,"numPassingAsserts":2,"retryReasons":[],"status":"passed","title":"advances the repair for manager approval"},{"ancestorTitles":["Airport/RepairService/approve"],"duration":0,"failureDetails":[],"failureMessages":[],"fullName":"Airport/RepairService/approve advances the repair for worker approval","invocations":1,"location":null,"numPassingAsserts":2,"retryReasons":[],"status":"passed","title":"advances the repair for worker approval"},{"ancestorTitles":["Airport/RepairService/approve"],"duration":0,"failureDetails":[],"failureMessages":[],"fullName":"Airport/RepairService/approve moves repair to rejected stage when reject is false","invocations":1,"location":null,"numPassingAsserts":2,"retryReasons":[],"status":"passed","title":"moves repair to rejected stage when reject is false"},{"ancestorTitles":["Airport/RepairService/approve"],"duration":11,"failureDetails":[],"failureMessages":[],"fullName":"Airport/RepairService/approve rejects when repair does not exist","invocations":1,"location":null,"numPassingAsserts":2,"retryReasons":[],"status":"passed","title":"rejects when repair does not exist"},{"ancestorTitles":["Airport/RepairService/approve"],"duration":1,"failureDetails":[],"failureMessages":[],"fullName":"Airport/RepairService/approve rejects when staff does not exist","invocations":1,"location":null,"numPassingAsserts":3,"retryReasons":[],"status":"passed","title":"rejects when staff does not exist"}],"endTime":1788227917684,"message":"","name":"E:\\VSCode\\VSCode-win32-x64-1.100.3\\workspace\\home\\Contractgen\\test\\Airport-RepairService-approve\\index.test.ts","startTime":1788227917639,"status":"passed","summary":""},{"assertionResults":[{"ancestorTitles":["CoCoME/ProcessSaleService/endSale"],"duration":1,"failureDetails":[],"failureMessages":[],"fullName":"CoCoME/ProcessSaleService/endSale Happy Path","invocations":1,"location":null,"numPassingAsserts":3,"retryReasons":[],"status":"passed","title":"Happy Path"},{"ancestorTitles":["CoCoME/ProcessSaleService/endSale"],"duration":5,"failureDetails":[],"failureMessages":[],"fullName":"CoCoME/ProcessSaleService/endSale rejects when current sale is already complete","invocations":1,"location":null,"numPassingAsserts":1,"retryReasons":[],"status":"passed","title":"rejects when current sale is already complete"}],"endTime":1788227917728,"message":"","name":"E:\\VSCode\\VSCode-win32-x64-1.100.3\\workspace\\home\\Contractgen\\test\\CoCoME-ProcessSaleService-endSale\\index.test.ts","startTime":1788227917686,"status":"passed","summary":""},{"assertionResults":[{"ancestorTitles":["CoCoME/ManageStoreCRUDService/queryStore"],"duration":0,"failureDetails":[],"failureMessages":[],"fullName":"CoCoME/ManageStoreCRUDService/queryStore Happy Path","invocations":1,"location":null,"numPassingAsserts":1,"retryReasons":[],"status":"passed","title":"Happy Path"},{"ancestorTitles":["CoCoME/ManageStoreCRUDService/queryStore"],"duration":4,"failureDetails":[],"failureMessages":[],"fullName":"CoCoME/ManageStoreCRUDService/queryStore rejects when referenced entity does not exist","invocations":1,"location":null,"numPassingAsserts":1,"retryReasons":[],"status":"passed","title":"rejects when referenced entity does not exist"}],"endTime":1788227917771,"message":"","name":"E:\\VSCode\\VSCode-win32-x64-1.100.3\\workspace\\home\\Contractgen\\test\\CoCoME-ManageStoreCRUDService-queryStore\\index.test.ts","startTime":1788227917732,"status":"passed","summary":""},{"assertionResults":[{"ancestorTitles":["CoCoME/ManageCashierCRUDService/queryCashier"],"duration":1,"failureDetails":[],"failureMessages":[],"fullName":"CoCoME/ManageCashierCRUDService/queryCashier Happy Path","invocations":1,"location":null,"numPassingAsserts":1,"retryReasons":[],"status":"passed","title":"Happy Path"},{"ancestorTitles":["CoCoME/ManageCashierCRUDService/queryCashier"],"duration":4,"failureDetails":[],"failureMessages":[],"fullName":"CoCoME/ManageCashierCRUDService/queryCashier rejects when referenced entity does not exist","invocations":1,"location":null,"numPassingAsserts":1,"retryReasons":[],"status":"passed","title":"rejects when referenced entity does not exist"}],"endTime":1788227917813,"message":"","name":"E:\\VSCode\\VSCode-win32-x64-1.100.3\\workspace\\home\\Contractgen\\test\\CoCoME-ManageCashierCRUDService-queryCashier\\index.test.ts","startTime":1788227917773,"status":"passed","summary":""},{"assertionResults":[{"ancestorTitles":["CoCoME/ManageCashDeskCRUDService/deleteCashDesk"],"duration":1,"failureDetails":[],"failureMessages":[],"fullName":"CoCoME/ManageCashDeskCRUDService/deleteCashDesk Happy Path","invocations":1,"location":null,"numPassingAsserts":2,"retryReasons":[],"status":"passed","title":"Happy Path"},{"ancestorTitles":["CoCoME/ManageCashDeskCRUDService/deleteCashDesk"],"duration":5,"failureDetails":[],"failureMessages":[],"fullName":"CoCoME/ManageCashDeskCRUDService/deleteCashDesk rejects when referenced entity does not exist","invocations":1,"location":null,"numPassingAsserts":1,"retryReasons":[],"status":"passed","title":"rejects when referenced entity does not exist"}],"endTime":1788227917856,"message":"","name":"E:\\VSCode\\VSCode-win32-x64-1.100.3\\workspace\\home\\Contractgen\\test\\CoCoME-ManageCashDeskCRUDService-deleteCashDesk\\index.test.ts","startTime":1788227917815,"status":"passed","summary":""},{"assertionResults":[{"ancestorTitles":["CoCoME/CoCoMESystem/receiveOrderedProduct"],"duration":1,"failureDetails":[],"failureMessages":[],"fullName":"CoCoME/CoCoMESystem/receiveOrderedProduct Happy Path","invocations":1,"location":null,"numPassingAsserts":5,"retryReasons":[],"status":"passed","title":"Happy Path"},{"ancestorTitles":["CoCoME/CoCoMESystem/receiveOrderedProduct"],"duration":5,"failureDetails":[],"failureMessages":[],"fullName":"CoCoME/CoCoMESystem/receiveOrderedProduct rejects when precondition is violated","invocations":1,"location":null,"numPassingAsserts":1,"retryReasons":[],"status":"passed","title":"rejects when precondition is violated"}],"endTime":1788227917905,"message":"","name":"E:\\VSCode\\VSCode-win32-x64-1.100.3\\workspace\\home\\Contractgen\\test\\CoCoME-CoCoMESystem-receiveOrderedProduct\\index.test.ts","startTime":1788227917860,"status":"passed","summary":""},{"assertionResults":[{"ancestorTitles":["AutomatedTellerMachine/ManageUserCRUDService/createUser"],"duration":1,"failureDetails":[],"failureMessages":[],"fullName":"AutomatedTellerMachine/ManageUserCRUDService/createUser Happy Path: creates user with supplied fields","invocations":1,"location":null,"numPassingAsserts":4,"retryReasons":[],"status":"passed","title":"Happy Path: creates user with supplied fields"},{"ancestorTitles":["AutomatedTellerMachine/ManageUserCRUDService/createUser"],"duration":5,"failureDetails":[],"failureMessages":[],"fullName":"AutomatedTellerMachine/ManageUserCRUDService/createUser rejects when user identifier is already used","invocations":1,"location":null,"numPassingAsserts":3,"retryReasons":[],"status":"passed","title":"rejects when user identifier is already used"}],"endTime":1788227917946,"message":"","name":"E:\\VSCode\\VSCode-win32-x64-1.100.3\\workspace\\home\\Contractgen\\test\\AutomatedTellerMachine-ManageUserCRUDService-createUser\\index.test.ts","startTime":1788227917907,"status":"passed","summary":""},{"assertionResults":[{"ancestorTitles":["AutomatedTellerMachine/AutomatedTellerMachineSystem/ejectCard"],"duration":1,"failureDetails":[],"failureMessages":[],"fullName":"AutomatedTellerMachine/AutomatedTellerMachineSystem/ejectCard Happy Path: clears session and transaction state","invocations":1,"location":null,"numPassingAsserts":9,"retryReasons":[],"status":"passed","title":"Happy Path: clears session and transaction state"},{"ancestorTitles":["AutomatedTellerMachine/AutomatedTellerMachineSystem/ejectCard"],"duration":6,"failureDetails":[],"failureMessages":[],"fullName":"AutomatedTellerMachine/AutomatedTellerMachineSystem/ejectCard rejects when session is not authenticated","invocations":1,"location":null,"numPassingAsserts":2,"retryReasons":[],"status":"passed","title":"rejects when session is not authenticated"}],"endTime":1788227917996,"message":"","name":"E:\\VSCode\\VSCode-win32-x64-1.100.3\\workspace\\home\\Contractgen\\test\\AutomatedTellerMachine-AutomatedTellerMachineSystem-ejectCard\\index.test.ts","startTime":1788227917948,"status":"passed","summary":""},{"assertionResults":[{"ancestorTitles":["Airport/RepairService/feedback"],"duration":1,"failureDetails":[],"failureMessages":[],"fullName":"Airport/RepairService/feedback Happy Path: high score closes the repair","invocations":1,"location":null,"numPassingAsserts":4,"retryReasons":[],"status":"passed","title":"Happy Path: high score closes the repair"},{"ancestorTitles":["Airport/RepairService/feedback"],"duration":0,"failureDetails":[],"failureMessages":[],"fullName":"Airport/RepairService/feedback low score keeps repair open and resets process","invocations":1,"location":null,"numPassingAsserts":5,"retryReasons":[],"status":"passed","title":"low score keeps repair open and resets process"},{"ancestorTitles":["Airport/RepairService/feedback"],"duration":5,"failureDetails":[],"failureMessages":[],"fullName":"Airport/RepairService/feedback rejects when staff did not raise the repair","invocations":1,"location":null,"numPassingAsserts":3,"retryReasons":[],"status":"passed","title":"rejects when staff did not raise the repair"},{"ancestorTitles":["Airport/RepairService/feedback"],"duration":1,"failureDetails":[],"failureMessages":[],"fullName":"Airport/RepairService/feedback rejects when repair is not finished","invocations":1,"location":null,"numPassingAsserts":2,"retryReasons":[],"status":"passed","title":"rejects when repair is not finished"}],"endTime":1788227918040,"message":"","name":"E:\\VSCode\\VSCode-win32-x64-1.100.3\\workspace\\home\\Contractgen\\test\\Airport-RepairService-feedback\\index.test.ts","startTime":1788227918000,"status":"passed","summary":""},{"assertionResults":[{"ancestorTitles":["LibraryManagementSystem/SearchBook/searchBookByBarCode"],"duration":1,"failureDetails":[],"failureMessages":[],"fullName":"LibraryManagementSystem/SearchBook/searchBookByBarCode Happy Path: returns books matching barcode","invocations":1,"location":null,"numPassingAsserts":1,"retryReasons":[],"status":"passed","title":"Happy Path: returns books matching barcode"},{"ancestorTitles":["LibraryManagementSystem/SearchBook/searchBookByBarCode"],"duration":5,"failureDetails":[],"failureMessages":[],"fullName":"LibraryManagementSystem/SearchBook/searchBookByBarCode rejects when barcode is not a string","invocations":1,"location":null,"numPassingAsserts":1,"retryReasons":[],"status":"passed","title":"rejects when barcode is not a string"}],"endTime":1788227918091,"message":"","name":"E:\\VSCode\\VSCode-win32-x64-1.100.3\\workspace\\home\\Contractgen\\test\\LibraryManagementSystem-searchBook-searchBookByBarCode\\index.test.ts","startTime":1788227918044,"status":"passed","summary":""},{"assertionResults":[{"ancestorTitles":["LibraryManagementSystem/ManageLibrarianCRUDService/createLibrarian"],"duration":1,"failureDetails":[],"failureMessages":[],"fullName":"LibraryManagementSystem/ManageLibrarianCRUDService/createLibrarian Happy Path","invocations":1,"location":null,"numPassingAsserts":4,"retryReasons":[],"status":"passed","title":"Happy Path"},{"ancestorTitles":["LibraryManagementSystem/ManageLibrarianCRUDService/createLibrarian"],"duration":6,"failureDetails":[],"failureMessages":[],"fullName":"LibraryManagementSystem/ManageLibrarianCRUDService/createLibrarian rejects when identifier is already used","invocations":1,"location":null,"numPassingAsserts":5,"retryReasons":[],"status":"passed","title":"rejects when identifier is already used"}],"endTime":1788227918130,"message":"","name":"E:\\VSCode\\VSCode-win32-x64-1.100.3\\workspace\\home\\Contractgen\\test\\LibraryManagementSystem-ManageLibrarianCRUDService-createLibrarian\\index.test.ts","startTime":1788227918093,"status":"passed","summary":""},{"assertionResults":[{"ancestorTitles":["CoCoME/ProcessSaleService/enterItem"],"duration":1,"failureDetails":[],"failureMessages":[],"fullName":"CoCoME/ProcessSaleService/enterItem Happy Path","invocations":1,"location":null,"numPassingAsserts":9,"retryReasons":[],"status":"passed","title":"Happy Path"},{"ancestorTitles":["CoCoME/ProcessSaleService/enterItem"],"duration":6,"failureDetails":[],"failureMessages":[],"fullName":"CoCoME/ProcessSaleService/enterItem rejects when precondition is violated","invocations":1,"location":null,"numPassingAsserts":1,"retryReasons":[],"status":"passed","title":"rejects when precondition is violated"}],"endTime":1788227918177,"message":"","name":"E:\\VSCode\\VSCode-win32-x64-1.100.3\\workspace\\home\\Contractgen\\test\\CoCoME-ProcessSaleService-enterItem\\index.test.ts","startTime":1788227918134,"status":"passed","summary":""},{"assertionResults":[{"ancestorTitles":["CoCoME/ManageStoreCRUDService/modifyStore"],"duration":1,"failureDetails":[],"failureMessages":[],"fullName":"CoCoME/ManageStoreCRUDService/modifyStore Happy Path","invocations":1,"location":null,"numPassingAsserts":4,"retryReasons":[],"status":"passed","title":"Happy Path"},{"ancestorTitles":["CoCoME/ManageStoreCRUDService/modifyStore"],"duration":5,"failureDetails":[],"failureMessages":[],"fullName":"CoCoME/ManageStoreCRUDService/modifyStore rejects when referenced entity does not exist","invocations":1,"location":null,"numPassingAsserts":1,"retryReasons":[],"status":"passed","title":"rejects when referenced entity does not exist"}],"endTime":1788227918221,"message":"","name":"E:\\VSCode\\VSCode-win32-x64-1.100.3\\workspace\\home\\Contractgen\\test\\CoCoME-ManageStoreCRUDService-modifyStore\\index.test.ts","startTime":1788227918179,"status":"passed","summary":""},{"assertionResults":[{"ancestorTitles":["Airport/AirportSystem/createStaff"],"duration":1,"failureDetails":[],"failureMessages":[],"fullName":"Airport/AirportSystem/createStaff Happy Path: creates staff without boss and returns true","invocations":1,"location":null,"numPassingAsserts":7,"retryReasons":[],"status":"passed","title":"Happy Path: creates staff without boss and returns true"},{"ancestorTitles":["Airport/AirportSystem/createStaff"],"duration":1,"failureDetails":[],"failureMessages":[],"fullName":"Airport/AirportSystem/createStaff Happy Path: links boss when the referenced staff exists","invocations":1,"location":null,"numPassingAsserts":2,"retryReasons":[],"status":"passed","title":"Happy Path: links boss when the referenced staff exists"},{"ancestorTitles":["Airport/AirportSystem/createStaff"],"duration":6,"failureDetails":[],"failureMessages":[],"fullName":"Airport/AirportSystem/createStaff rejects when staff identifier is already used","invocations":1,"location":null,"numPassingAsserts":3,"retryReasons":[],"status":"passed","title":"rejects when staff identifier is already used"}],"endTime":1788227918275,"message":"","name":"E:\\VSCode\\VSCode-win32-x64-1.100.3\\workspace\\home\\Contractgen\\test\\Airport-AirportSystem-createStaff\\index.test.ts","startTime":1788227918223,"status":"passed","summary":""},{"assertionResults":[{"ancestorTitles":["LoanProcessingSystem/EvaluateLoanRequestModule/listAvaiableLoanTerm"],"duration":1,"failureDetails":[],"failureMessages":[],"fullName":"LoanProcessingSystem/EvaluateLoanRequestModule/listAvaiableLoanTerm Happy Path","invocations":1,"location":null,"numPassingAsserts":1,"retryReasons":[],"status":"passed","title":"Happy Path"},{"ancestorTitles":["LoanProcessingSystem/EvaluateLoanRequestModule/listAvaiableLoanTerm"],"duration":1,"failureDetails":[],"failureMessages":[],"fullName":"LoanProcessingSystem/EvaluateLoanRequestModule/listAvaiableLoanTerm returns all available terms without copying or filtering the repository","invocations":1,"location":null,"numPassingAsserts":3,"retryReasons":[],"status":"passed","title":"returns all available terms without copying or filtering the repository"}],"endTime":1788227918313,"message":"","name":"E:\\VSCode\\VSCode-win32-x64-1.100.3\\workspace\\home\\Contractgen\\test\\LoanProcessingSystem-EvaluateLoanRequestModule-listAvaiableLoanTerm\\index.test.ts","startTime":1788227918279,"status":"passed","summary":""},{"assertionResults":[{"ancestorTitles":["LibraryManagementSystem/ListBookHistory/listRecommendBook"],"duration":1,"failureDetails":[],"failureMessages":[],"fullName":"LibraryManagementSystem/ListBookHistory/listRecommendBook Happy Path","invocations":1,"location":null,"numPassingAsserts":1,"retryReasons":[],"status":"passed","title":"Happy Path"},{"ancestorTitles":["LibraryManagementSystem/ListBookHistory/listRecommendBook"],"duration":4,"failureDetails":[],"failureMessages":[],"fullName":"LibraryManagementSystem/ListBookHistory/listRecommendBook rejects when recommended book list is undefined","invocations":1,"location":null,"numPassingAsserts":1,"retryReasons":[],"status":"passed","title":"rejects when recommended book list is undefined"}],"endTime":1788227918352,"message":"","name":"E:\\VSCode\\VSCode-win32-x64-1.100.3\\workspace\\home\\Contractgen\\test\\LibraryManagementSystem-listBookHistory-listRecommendBook\\index.test.ts","startTime":1788227918315,"status":"passed","summary":""},{"assertionResults":[{"ancestorTitles":["CoCoME/ManageSupplierCRUDService/modifySupplier"],"duration":1,"failureDetails":[],"failureMessages":[],"fullName":"CoCoME/ManageSupplierCRUDService/modifySupplier Happy Path","invocations":1,"location":null,"numPassingAsserts":2,"retryReasons":[],"status":"passed","title":"Happy Path"},{"ancestorTitles":["CoCoME/ManageSupplierCRUDService/modifySupplier"],"duration":5,"failureDetails":[],"failureMessages":[],"fullName":"CoCoME/ManageSupplierCRUDService/modifySupplier rejects when referenced entity does not exist","invocations":1,"location":null,"numPassingAsserts":1,"retryReasons":[],"status":"passed","title":"rejects when referenced entity does not exist"}],"endTime":1788227918395,"message":"","name":"E:\\VSCode\\VSCode-win32-x64-1.100.3\\workspace\\home\\Contractgen\\test\\CoCoME-ManageSupplierCRUDService-modifySupplier\\index.test.ts","startTime":1788227918355,"status":"passed","summary":""},{"assertionResults":[{"ancestorTitles":["CoCoME/CoCoMEOrderProducts/makeNewOrder"],"duration":1,"failureDetails":[],"failureMessages":[],"fullName":"CoCoME/CoCoMEOrderProducts/makeNewOrder Happy Path","invocations":1,"location":null,"numPassingAsserts":6,"retryReasons":[],"status":"passed","title":"Happy Path"},{"ancestorTitles":["CoCoME/CoCoMEOrderProducts/makeNewOrder"],"duration":5,"failureDetails":[],"failureMessages":[],"fullName":"CoCoME/CoCoMEOrderProducts/makeNewOrder rejects when order id already exists","invocations":1,"location":null,"numPassingAsserts":3,"retryReasons":[],"status":"passed","title":"rejects when order id already exists"}],"endTime":1788227918441,"message":"","name":"E:\\VSCode\\VSCode-win32-x64-1.100.3\\workspace\\home\\Contractgen\\test\\CoCoME-CoCoMEOrderProducts-makeNewOrder\\index.test.ts","startTime":1788227918399,"status":"passed","summary":""},{"assertionResults":[{"ancestorTitles":["LoanProcessingSystem/LoanProcessingSystemSystem/loanPayment"],"duration":1,"failureDetails":[],"failureMessages":[],"fullName":"LoanProcessingSystem/LoanProcessingSystemSystem/loanPayment Happy Path","invocations":1,"location":null,"numPassingAsserts":2,"retryReasons":[],"status":"passed","title":"Happy Path"},{"ancestorTitles":["LoanProcessingSystem/LoanProcessingSystemSystem/loanPayment"],"duration":4,"failureDetails":[],"failureMessages":[],"fullName":"LoanProcessingSystem/LoanProcessingSystemSystem/loanPayment rejects when precondition is violated","invocations":1,"location":null,"numPassingAsserts":1,"retryReasons":[],"status":"passed","title":"rejects when precondition is violated"}],"endTime":1788227918481,"message":"","name":"E:\\VSCode\\VSCode-win32-x64-1.100.3\\workspace\\home\\Contractgen\\test\\LoanProcessingSystem-LoanProcessingSystemSystem-loanPayment\\index.test.ts","startTime":1788227918444,"status":"passed","summary":""},{"assertionResults":[{"ancestorTitles":["LoanProcessingSystem/EvaluateLoanRequestModule/addLoanTerm"],"duration":1,"failureDetails":[],"failureMessages":[],"fullName":"LoanProcessingSystem/EvaluateLoanRequestModule/addLoanTerm Happy Path","invocations":1,"location":null,"numPassingAsserts":2,"retryReasons":[],"status":"passed","title":"Happy Path"},{"ancestorTitles":["LoanProcessingSystem/EvaluateLoanRequestModule/addLoanTerm"],"duration":5,"failureDetails":[],"failureMessages":[],"fullName":"LoanProcessingSystem/EvaluateLoanRequestModule/addLoanTerm rejects when identifier is already used","invocations":1,"location":null,"numPassingAsserts":3,"retryReasons":[],"status":"passed","title":"rejects when identifier is already used"}],"endTime":1788227918520,"message":"","name":"E:\\VSCode\\VSCode-win32-x64-1.100.3\\workspace\\home\\Contractgen\\test\\LoanProcessingSystem-EvaluateLoanRequestModule-addLoanTerm\\index.test.ts","startTime":1788227918483,"status":"passed","summary":""},{"assertionResults":[{"ancestorTitles":["LibraryManagementSystem/ListBookHistory/listBorrowHistory"],"duration":1,"failureDetails":[],"failureMessages":[],"fullName":"LibraryManagementSystem/ListBookHistory/listBorrowHistory Happy Path","invocations":1,"location":null,"numPassingAsserts":1,"retryReasons":[],"status":"passed","title":"Happy Path"},{"ancestorTitles":["LibraryManagementSystem/ListBookHistory/listBorrowHistory"],"duration":4,"failureDetails":[],"failureMessages":[],"fullName":"LibraryManagementSystem/ListBookHistory/listBorrowHistory rejects when precondition is violated","invocations":1,"location":null,"numPassingAsserts":1,"retryReasons":[],"status":"passed","title":"rejects when precondition is violated"}],"endTime":1788227918567,"message":"","name":"E:\\VSCode\\VSCode-win32-x64-1.100.3\\workspace\\home\\Contractgen\\test\\LibraryManagementSystem-listBookHistory-listBorrowHistory\\index.test.ts","startTime":1788227918524,"status":"passed","summary":""},{"assertionResults":[{"ancestorTitles":["LibraryManagementSystem/ManageUserCRUDService/createUser"],"duration":1,"failureDetails":[],"failureMessages":[],"fullName":"LibraryManagementSystem/ManageUserCRUDService/createUser Happy Path","invocations":1,"location":null,"numPassingAsserts":11,"retryReasons":[],"status":"passed","title":"Happy Path"},{"ancestorTitles":["LibraryManagementSystem/ManageUserCRUDService/createUser"],"duration":7,"failureDetails":[],"failureMessages":[],"fullName":"LibraryManagementSystem/ManageUserCRUDService/createUser rejects when identifier is already used","invocations":1,"location":null,"numPassingAsserts":12,"retryReasons":[],"status":"passed","title":"rejects when identifier is already used"}],"endTime":1788227918613,"message":"","name":"E:\\VSCode\\VSCode-win32-x64-1.100.3\\workspace\\home\\Contractgen\\test\\LibraryManagementSystem-ManageUserCRUDService-createUser\\index.test.ts","startTime":1788227918569,"status":"passed","summary":""},{"assertionResults":[{"ancestorTitles":["CoCoME/ManageItemCRUDService/createItem"],"duration":0,"failureDetails":[],"failureMessages":[],"fullName":"CoCoME/ManageItemCRUDService/createItem Happy Path","invocations":1,"location":null,"numPassingAsserts":2,"retryReasons":[],"status":"passed","title":"Happy Path"},{"ancestorTitles":["CoCoME/ManageItemCRUDService/createItem"],"duration":4,"failureDetails":[],"failureMessages":[],"fullName":"CoCoME/ManageItemCRUDService/createItem rejects when identifier is already used","invocations":1,"location":null,"numPassingAsserts":3,"retryReasons":[],"status":"passed","title":"rejects when identifier is already used"}],"endTime":1788227918657,"message":"","name":"E:\\VSCode\\VSCode-win32-x64-1.100.3\\workspace\\home\\Contractgen\\test\\CoCoME-ManageItemCRUDService-createItem\\index.test.ts","startTime":1788227918615,"status":"passed","summary":""},{"assertionResults":[{"ancestorTitles":["CoCoME/ManageCashDeskCRUDService/queryCashDesk"],"duration":0,"failureDetails":[],"failureMessages":[],"fullName":"CoCoME/ManageCashDeskCRUDService/queryCashDesk Happy Path","invocations":1,"location":null,"numPassingAsserts":1,"retryReasons":[],"status":"passed","title":"Happy Path"},{"ancestorTitles":["CoCoME/ManageCashDeskCRUDService/queryCashDesk"],"duration":5,"failureDetails":[],"failureMessages":[],"fullName":"CoCoME/ManageCashDeskCRUDService/queryCashDesk rejects when referenced entity does not exist","invocations":1,"location":null,"numPassingAsserts":1,"retryReasons":[],"status":"passed","title":"rejects when referenced entity does not exist"}],"endTime":1788227918698,"message":"","name":"E:\\VSCode\\VSCode-win32-x64-1.100.3\\workspace\\home\\Contractgen\\test\\CoCoME-ManageCashDeskCRUDService-queryCashDesk\\index.test.ts","startTime":1788227918661,"status":"passed","summary":""},{"assertionResults":[{"ancestorTitles":["CoCoME/CoCoMESystem/changePrice"],"duration":0,"failureDetails":[],"failureMessages":[],"fullName":"CoCoME/CoCoMESystem/changePrice Happy Path","invocations":1,"location":null,"numPassingAsserts":2,"retryReasons":[],"status":"passed","title":"Happy Path"},{"ancestorTitles":["CoCoME/CoCoMESystem/changePrice"],"duration":4,"failureDetails":[],"failureMessages":[],"fullName":"CoCoME/CoCoMESystem/changePrice rejects when precondition is violated","invocations":1,"location":null,"numPassingAsserts":1,"retryReasons":[],"status":"passed","title":"rejects when precondition is violated"}],"endTime":1788227918743,"message":"","name":"E:\\VSCode\\VSCode-win32-x64-1.100.3\\workspace\\home\\Contractgen\\test\\CoCoME-CoCoMESystem-changePrice\\index.test.ts","startTime":1788227918700,"status":"passed","summary":""},{"assertionResults":[{"ancestorTitles":["CoCoME/CoCoMEOrderProducts/chooseSupplier"],"duration":1,"failureDetails":[],"failureMessages":[],"fullName":"CoCoME/CoCoMEOrderProducts/chooseSupplier Happy Path","invocations":1,"location":null,"numPassingAsserts":2,"retryReasons":[],"status":"passed","title":"Happy Path"},{"ancestorTitles":["CoCoME/CoCoMEOrderProducts/chooseSupplier"],"duration":5,"failureDetails":[],"failureMessages":[],"fullName":"CoCoME/CoCoMEOrderProducts/chooseSupplier rejects when precondition is violated","invocations":1,"location":null,"numPassingAsserts":1,"retryReasons":[],"status":"passed","title":"rejects when precondition is violated"}],"endTime":1788227918788,"message":"","name":"E:\\VSCode\\VSCode-win32-x64-1.100.3\\workspace\\home\\Contractgen\\test\\CoCoME-CoCoMEOrderProducts-chooseSupplier\\index.test.ts","startTime":1788227918746,"status":"passed","summary":""},{"assertionResults":[{"ancestorTitles":["LibraryManagementSystem/SearchBook/searchBookByAuthor"],"duration":0,"failureDetails":[],"failureMessages":[],"fullName":"LibraryManagementSystem/SearchBook/searchBookByAuthor Happy Path: returns books matching author","invocations":1,"location":null,"numPassingAsserts":1,"retryReasons":[],"status":"passed","title":"Happy Path: returns books matching author"},{"ancestorTitles":["LibraryManagementSystem/SearchBook/searchBookByAuthor"],"duration":6,"failureDetails":[],"failureMessages":[],"fullName":"LibraryManagementSystem/SearchBook/searchBookByAuthor rejects when author is empty","invocations":1,"location":null,"numPassingAsserts":1,"retryReasons":[],"status":"passed","title":"rejects when author is empty"}],"endTime":1788227918829,"message":"","name":"E:\\VSCode\\VSCode-win32-x64-1.100.3\\workspace\\home\\Contractgen\\test\\LibraryManagementSystem-searchBook-searchBookByAuthor\\index.test.ts","startTime":1788227918792,"status":"passed","summary":""},{"assertionResults":[{"ancestorTitles":["CoCoME/ManageSupplierCRUDService/querySupplier"],"duration":1,"failureDetails":[],"failureMessages":[],"fullName":"CoCoME/ManageSupplierCRUDService/querySupplier Happy Path","invocations":1,"location":null,"numPassingAsserts":1,"retryReasons":[],"status":"passed","title":"Happy Path"},{"ancestorTitles":["CoCoME/ManageSupplierCRUDService/querySupplier"],"duration":4,"failureDetails":[],"failureMessages":[],"fullName":"CoCoME/ManageSupplierCRUDService/querySupplier rejects when referenced entity does not exist","invocations":1,"location":null,"numPassingAsserts":1,"retryReasons":[],"status":"passed","title":"rejects when referenced entity does not exist"}],"endTime":1788227918871,"message":"","name":"E:\\VSCode\\VSCode-win32-x64-1.100.3\\workspace\\home\\Contractgen\\test\\CoCoME-ManageSupplierCRUDService-querySupplier\\index.test.ts","startTime":1788227918831,"status":"passed","summary":""},{"assertionResults":[{"ancestorTitles":["CoCoME/ManageProductCatalogCRUDService/queryProductCatalog"],"duration":1,"failureDetails":[],"failureMessages":[],"fullName":"CoCoME/ManageProductCatalogCRUDService/queryProductCatalog Happy Path","invocations":1,"location":null,"numPassingAsserts":1,"retryReasons":[],"status":"passed","title":"Happy Path"},{"ancestorTitles":["CoCoME/ManageProductCatalogCRUDService/queryProductCatalog"],"duration":4,"failureDetails":[],"failureMessages":[],"fullName":"CoCoME/ManageProductCatalogCRUDService/queryProductCatalog rejects when referenced entity does not exist","invocations":1,"location":null,"numPassingAsserts":1,"retryReasons":[],"status":"passed","title":"rejects when referenced entity does not exist"}],"endTime":1788227918911,"message":"","name":"E:\\VSCode\\VSCode-win32-x64-1.100.3\\workspace\\home\\Contractgen\\test\\CoCoME-ManageProductCatalogCRUDService-queryProductCatalog\\index.test.ts","startTime":1788227918873,"status":"passed","summary":""},{"assertionResults":[{"ancestorTitles":["CoCoME/ManageCashierCRUDService/deleteCashier"],"duration":1,"failureDetails":[],"failureMessages":[],"fullName":"CoCoME/ManageCashierCRUDService/deleteCashier Happy Path","invocations":1,"location":null,"numPassingAsserts":2,"retryReasons":[],"status":"passed","title":"Happy Path"},{"ancestorTitles":["CoCoME/ManageCashierCRUDService/deleteCashier"],"duration":4,"failureDetails":[],"failureMessages":[],"fullName":"CoCoME/ManageCashierCRUDService/deleteCashier rejects when referenced entity does not exist","invocations":1,"location":null,"numPassingAsserts":1,"retryReasons":[],"status":"passed","title":"rejects when referenced entity does not exist"}],"endTime":1788227918951,"message":"","name":"E:\\VSCode\\VSCode-win32-x64-1.100.3\\workspace\\home\\Contractgen\\test\\CoCoME-ManageCashierCRUDService-deleteCashier\\index.test.ts","startTime":1788227918915,"status":"passed","summary":""},{"assertionResults":[{"ancestorTitles":["CoCoME/CoCoMESystem/openCashDesk"],"duration":1,"failureDetails":[],"failureMessages":[],"fullName":"CoCoME/CoCoMESystem/openCashDesk Happy Path","invocations":1,"location":null,"numPassingAsserts":3,"retryReasons":[],"status":"passed","title":"Happy Path"},{"ancestorTitles":["CoCoME/CoCoMESystem/openCashDesk"],"duration":6,"failureDetails":[],"failureMessages":[],"fullName":"CoCoME/CoCoMESystem/openCashDesk rejects when precondition is violated","invocations":1,"location":null,"numPassingAsserts":1,"retryReasons":[],"status":"passed","title":"rejects when precondition is violated"}],"endTime":1788227919012,"message":"","name":"E:\\VSCode\\VSCode-win32-x64-1.100.3\\workspace\\home\\Contractgen\\test\\CoCoME-CoCoMESystem-openCashDesk\\index.test.ts","startTime":1788227918953,"status":"passed","summary":""},{"assertionResults":[{"ancestorTitles":["AutomatedTellerMachine/ManageBankCardCRUDService/createBankCard"],"duration":1,"failureDetails":[],"failureMessages":[],"fullName":"AutomatedTellerMachine/ManageBankCardCRUDService/createBankCard Happy Path: creates bank card with supplied fields","invocations":1,"location":null,"numPassingAsserts":6,"retryReasons":[],"status":"passed","title":"Happy Path: creates bank card with supplied fields"},{"ancestorTitles":["AutomatedTellerMachine/ManageBankCardCRUDService/createBankCard"],"duration":5,"failureDetails":[],"failureMessages":[],"fullName":"AutomatedTellerMachine/ManageBankCardCRUDService/createBankCard rejects when card identifier is already used","invocations":1,"location":null,"numPassingAsserts":3,"retryReasons":[],"status":"passed","title":"rejects when card identifier is already used"}],"endTime":1788227919057,"message":"","name":"E:\\VSCode\\VSCode-win32-x64-1.100.3\\workspace\\home\\Contractgen\\test\\AutomatedTellerMachine-ManageBankCardCRUDService-createBankCard\\index.test.ts","startTime":1788227919016,"status":"passed","summary":""},{"assertionResults":[{"ancestorTitles":["AutomatedTellerMachine/AutomatedTellerMachineSystem/inputPassword"],"duration":1,"failureDetails":[],"failureMessages":[],"fullName":"AutomatedTellerMachine/AutomatedTellerMachineSystem/inputPassword Happy Path: matching password validates session","invocations":1,"location":null,"numPassingAsserts":2,"retryReasons":[],"status":"passed","title":"Happy Path: matching password validates session"},{"ancestorTitles":["AutomatedTellerMachine/AutomatedTellerMachineSystem/inputPassword"],"duration":0,"failureDetails":[],"failureMessages":[],"fullName":"AutomatedTellerMachine/AutomatedTellerMachineSystem/inputPassword returns false when password does not match","invocations":1,"location":null,"numPassingAsserts":2,"retryReasons":[],"status":"passed","title":"returns false when password does not match"},{"ancestorTitles":["AutomatedTellerMachine/AutomatedTellerMachineSystem/inputPassword"],"duration":4,"failureDetails":[],"failureMessages":[],"fullName":"AutomatedTellerMachine/AutomatedTellerMachineSystem/inputPassword rejects when card id is not validated","invocations":1,"location":null,"numPassingAsserts":2,"retryReasons":[],"status":"passed","title":"rejects when card id is not validated"},{"ancestorTitles":["AutomatedTellerMachine/AutomatedTellerMachineSystem/inputPassword"],"duration":1,"failureDetails":[],"failureMessages":[],"fullName":"AutomatedTellerMachine/AutomatedTellerMachineSystem/inputPassword rejects when current card is missing","invocations":1,"location":null,"numPassingAsserts":1,"retryReasons":[],"status":"passed","title":"rejects when current card is missing"}],"endTime":1788227919098,"message":"","name":"E:\\VSCode\\VSCode-win32-x64-1.100.3\\workspace\\home\\Contractgen\\test\\AutomatedTellerMachine-AutomatedTellerMachineSystem-inputPassword\\index.test.ts","startTime":1788227919061,"status":"passed","summary":""},{"assertionResults":[{"ancestorTitles":["Airport/AirportSystem/createDevice"],"duration":0,"failureDetails":[],"failureMessages":[],"fullName":"Airport/AirportSystem/createDevice Happy Path: creates device linked to staff and returns true","invocations":1,"location":null,"numPassingAsserts":6,"retryReasons":[],"status":"passed","title":"Happy Path: creates device linked to staff and returns true"},{"ancestorTitles":["Airport/AirportSystem/createDevice"],"duration":5,"failureDetails":[],"failureMessages":[],"fullName":"Airport/AirportSystem/createDevice rejects when device identifier is already used","invocations":1,"location":null,"numPassingAsserts":3,"retryReasons":[],"status":"passed","title":"rejects when device identifier is already used"},{"ancestorTitles":["Airport/AirportSystem/createDevice"],"duration":1,"failureDetails":[],"failureMessages":[],"fullName":"Airport/AirportSystem/createDevice rejects when contact staff does not exist","invocations":1,"location":null,"numPassingAsserts":2,"retryReasons":[],"status":"passed","title":"rejects when contact staff does not exist"}],"endTime":1788227919141,"message":"","name":"E:\\VSCode\\VSCode-win32-x64-1.100.3\\workspace\\home\\Contractgen\\test\\Airport-AirportSystem-createDevice\\index.test.ts","startTime":1788227919100,"status":"passed","summary":""},{"assertionResults":[{"ancestorTitles":["LoanProcessingSystem/EvaluateLoanRequestModule/chooseOneForReview"],"duration":1,"failureDetails":[],"failureMessages":[],"fullName":"LoanProcessingSystem/EvaluateLoanRequestModule/chooseOneForReview Happy Path","invocations":1,"location":null,"numPassingAsserts":2,"retryReasons":[],"status":"passed","title":"Happy Path"},{"ancestorTitles":["LoanProcessingSystem/EvaluateLoanRequestModule/chooseOneForReview"],"duration":4,"failureDetails":[],"failureMessages":[],"fullName":"LoanProcessingSystem/EvaluateLoanRequestModule/chooseOneForReview rejects when request id is not in current list","invocations":1,"location":null,"numPassingAsserts":1,"retryReasons":[],"status":"passed","title":"rejects when request id is not in current list"}],"endTime":1788227919186,"message":"","name":"E:\\VSCode\\VSCode-win32-x64-1.100.3\\workspace\\home\\Contractgen\\test\\LoanProcessingSystem-EvaluateLoanRequestModule-chooseOneForReview\\index.test.ts","startTime":1788227919144,"status":"passed","summary":""},{"assertionResults":[{"ancestorTitles":["LoanProcessingSystem/EvaluateLoanRequestModule/checkCreditHistory"],"duration":0,"failureDetails":[],"failureMessages":[],"fullName":"LoanProcessingSystem/EvaluateLoanRequestModule/checkCreditHistory Happy Path","invocations":1,"location":null,"numPassingAsserts":1,"retryReasons":[],"status":"passed","title":"Happy Path"},{"ancestorTitles":["LoanProcessingSystem/EvaluateLoanRequestModule/checkCreditHistory"],"duration":4,"failureDetails":[],"failureMessages":[],"fullName":"LoanProcessingSystem/EvaluateLoanRequestModule/checkCreditHistory rejects when precondition is violated","invocations":1,"location":null,"numPassingAsserts":1,"retryReasons":[],"status":"passed","title":"rejects when precondition is violated"}],"endTime":1788227919230,"message":"","name":"E:\\VSCode\\VSCode-win32-x64-1.100.3\\workspace\\home\\Contractgen\\test\\LoanProcessingSystem-EvaluateLoanRequestModule-checkCreditHistory\\index.test.ts","startTime":1788227919190,"status":"passed","summary":""},{"assertionResults":[{"ancestorTitles":["LoanProcessingSystem/EnterValidatedCreditReferencesModule/chooseLoanRequest"],"duration":1,"failureDetails":[],"failureMessages":[],"fullName":"LoanProcessingSystem/EnterValidatedCreditReferencesModule/chooseLoanRequest Happy Path","invocations":1,"location":null,"numPassingAsserts":2,"retryReasons":[],"status":"passed","title":"Happy Path"},{"ancestorTitles":["LoanProcessingSystem/EnterValidatedCreditReferencesModule/chooseLoanRequest"],"duration":4,"failureDetails":[],"failureMessages":[],"fullName":"LoanProcessingSystem/EnterValidatedCreditReferencesModule/chooseLoanRequest rejects when request id is not in current list","invocations":1,"location":null,"numPassingAsserts":1,"retryReasons":[],"status":"passed","title":"rejects when request id is not in current list"}],"endTime":1788227919274,"message":"","name":"E:\\VSCode\\VSCode-win32-x64-1.100.3\\workspace\\home\\Contractgen\\test\\LoanProcessingSystem-EnterValidatedCreditReferencesModule-chooseLoanRequest\\index.test.ts","startTime":1788227919233,"status":"passed","summary":""},{"assertionResults":[{"ancestorTitles":["LibraryManagementSystem/SearchBook/searchBookByTitle"],"duration":1,"failureDetails":[],"failureMessages":[],"fullName":"LibraryManagementSystem/SearchBook/searchBookByTitle Happy Path: returns books matching title","invocations":1,"location":null,"numPassingAsserts":1,"retryReasons":[],"status":"passed","title":"Happy Path: returns books matching title"},{"ancestorTitles":["LibraryManagementSystem/SearchBook/searchBookByTitle"],"duration":4,"failureDetails":[],"failureMessages":[],"fullName":"LibraryManagementSystem/SearchBook/searchBookByTitle rejects when title is empty","invocations":1,"location":null,"numPassingAsserts":2,"retryReasons":[],"status":"passed","title":"rejects when title is empty"}],"endTime":1788227919322,"message":"","name":"E:\\VSCode\\VSCode-win32-x64-1.100.3\\workspace\\home\\Contractgen\\test\\LibraryManagementSystem-searchBook-searchBookByTitle\\index.test.ts","startTime":1788227919277,"status":"passed","summary":""},{"assertionResults":[{"ancestorTitles":["LibraryManagementSystem/SearchBook/searchBookByISBN"],"duration":1,"failureDetails":[],"failureMessages":[],"fullName":"LibraryManagementSystem/SearchBook/searchBookByISBN Happy Path: returns books matching ISBN","invocations":1,"location":null,"numPassingAsserts":1,"retryReasons":[],"status":"passed","title":"Happy Path: returns books matching ISBN"},{"ancestorTitles":["LibraryManagementSystem/SearchBook/searchBookByISBN"],"duration":4,"failureDetails":[],"failureMessages":[],"fullName":"LibraryManagementSystem/SearchBook/searchBookByISBN rejects when ISBN is not a string","invocations":1,"location":null,"numPassingAsserts":1,"retryReasons":[],"status":"passed","title":"rejects when ISBN is not a string"}],"endTime":1788227919369,"message":"","name":"E:\\VSCode\\VSCode-win32-x64-1.100.3\\workspace\\home\\Contractgen\\test\\LibraryManagementSystem-searchBook-searchBookByISBN\\index.test.ts","startTime":1788227919325,"status":"passed","summary":""},{"assertionResults":[{"ancestorTitles":["CoCoME/ManageStoreCRUDService/deleteStore"],"duration":1,"failureDetails":[],"failureMessages":[],"fullName":"CoCoME/ManageStoreCRUDService/deleteStore Happy Path","invocations":1,"location":null,"numPassingAsserts":2,"retryReasons":[],"status":"passed","title":"Happy Path"},{"ancestorTitles":["CoCoME/ManageStoreCRUDService/deleteStore"],"duration":4,"failureDetails":[],"failureMessages":[],"fullName":"CoCoME/ManageStoreCRUDService/deleteStore rejects when referenced entity does not exist","invocations":1,"location":null,"numPassingAsserts":1,"retryReasons":[],"status":"passed","title":"rejects when referenced entity does not exist"}],"endTime":1788227919414,"message":"","name":"E:\\VSCode\\VSCode-win32-x64-1.100.3\\workspace\\home\\Contractgen\\test\\CoCoME-ManageStoreCRUDService-deleteStore\\index.test.ts","startTime":1788227919371,"status":"passed","summary":""},{"assertionResults":[{"ancestorTitles":["CoCoME/ManageProductCatalogCRUDService/deleteProductCatalog"],"duration":1,"failureDetails":[],"failureMessages":[],"fullName":"CoCoME/ManageProductCatalogCRUDService/deleteProductCatalog Happy Path","invocations":1,"location":null,"numPassingAsserts":2,"retryReasons":[],"status":"passed","title":"Happy Path"},{"ancestorTitles":["CoCoME/ManageProductCatalogCRUDService/deleteProductCatalog"],"duration":4,"failureDetails":[],"failureMessages":[],"fullName":"CoCoME/ManageProductCatalogCRUDService/deleteProductCatalog rejects when referenced entity does not exist","invocations":1,"location":null,"numPassingAsserts":1,"retryReasons":[],"status":"passed","title":"rejects when referenced entity does not exist"}],"endTime":1788227919452,"message":"","name":"E:\\VSCode\\VSCode-win32-x64-1.100.3\\workspace\\home\\Contractgen\\test\\CoCoME-ManageProductCatalogCRUDService-deleteProductCatalog\\index.test.ts","startTime":1788227919416,"status":"passed","summary":""},{"assertionResults":[{"ancestorTitles":["AutomatedTellerMachine/ManageUserCRUDService/queryUser"],"duration":0,"failureDetails":[],"failureMessages":[],"fullName":"AutomatedTellerMachine/ManageUserCRUDService/queryUser Happy Path: returns the referenced user","invocations":1,"location":null,"numPassingAsserts":1,"retryReasons":[],"status":"passed","title":"Happy Path: returns the referenced user"},{"ancestorTitles":["AutomatedTellerMachine/ManageUserCRUDService/queryUser"],"duration":4,"failureDetails":[],"failureMessages":[],"fullName":"AutomatedTellerMachine/ManageUserCRUDService/queryUser rejects when user does not exist","invocations":1,"location":null,"numPassingAsserts":1,"retryReasons":[],"status":"passed","title":"rejects when user does not exist"}],"endTime":1788227919503,"message":"","name":"E:\\VSCode\\VSCode-win32-x64-1.100.3\\workspace\\home\\Contractgen\\test\\AutomatedTellerMachine-ManageUserCRUDService-queryUser\\index.test.ts","startTime":1788227919455,"status":"passed","summary":""},{"assertionResults":[{"ancestorTitles":["AutomatedTellerMachine/ManageUserCRUDService/modifyUser"],"duration":0,"failureDetails":[],"failureMessages":[],"fullName":"AutomatedTellerMachine/ManageUserCRUDService/modifyUser Happy Path: updates user name and address","invocations":1,"location":null,"numPassingAsserts":3,"retryReasons":[],"status":"passed","title":"Happy Path: updates user name and address"},{"ancestorTitles":["AutomatedTellerMachine/ManageUserCRUDService/modifyUser"],"duration":4,"failureDetails":[],"failureMessages":[],"fullName":"AutomatedTellerMachine/ManageUserCRUDService/modifyUser rejects when user does not exist","invocations":1,"location":null,"numPassingAsserts":2,"retryReasons":[],"status":"passed","title":"rejects when user does not exist"}],"endTime":1788227919545,"message":"","name":"E:\\VSCode\\VSCode-win32-x64-1.100.3\\workspace\\home\\Contractgen\\test\\AutomatedTellerMachine-ManageUserCRUDService-modifyUser\\index.test.ts","startTime":1788227919505,"status":"passed","summary":""},{"assertionResults":[{"ancestorTitles":["AutomatedTellerMachine/ManageBankCardCRUDService/deleteBankCard"],"duration":1,"failureDetails":[],"failureMessages":[],"fullName":"AutomatedTellerMachine/ManageBankCardCRUDService/deleteBankCard Happy Path: removes card from repository","invocations":1,"location":null,"numPassingAsserts":2,"retryReasons":[],"status":"passed","title":"Happy Path: removes card from repository"},{"ancestorTitles":["AutomatedTellerMachine/ManageBankCardCRUDService/deleteBankCard"],"duration":4,"failureDetails":[],"failureMessages":[],"fullName":"AutomatedTellerMachine/ManageBankCardCRUDService/deleteBankCard rejects when card does not exist","invocations":1,"location":null,"numPassingAsserts":2,"retryReasons":[],"status":"passed","title":"rejects when card does not exist"}],"endTime":1788227919588,"message":"","name":"E:\\VSCode\\VSCode-win32-x64-1.100.3\\workspace\\home\\Contractgen\\test\\AutomatedTellerMachine-ManageBankCardCRUDService-deleteBankCard\\index.test.ts","startTime":1788227919547,"status":"passed","summary":""},{"assertionResults":[{"ancestorTitles":["AutomatedTellerMachine/AutomatedTellerMachineSystem/printReceipt"],"duration":1,"failureDetails":[],"failureMessages":[],"fullName":"AutomatedTellerMachine/AutomatedTellerMachineSystem/printReceipt Happy Path: returns withdrawn amount after withdrawal","invocations":1,"location":null,"numPassingAsserts":1,"retryReasons":[],"status":"passed","title":"Happy Path: returns withdrawn amount after withdrawal"},{"ancestorTitles":["AutomatedTellerMachine/AutomatedTellerMachineSystem/printReceipt"],"duration":0,"failureDetails":[],"failureMessages":[],"fullName":"AutomatedTellerMachine/AutomatedTellerMachineSystem/printReceipt returns deposited amount after deposit","invocations":1,"location":null,"numPassingAsserts":1,"retryReasons":[],"status":"passed","title":"returns deposited amount after deposit"},{"ancestorTitles":["AutomatedTellerMachine/AutomatedTellerMachineSystem/printReceipt"],"duration":1,"failureDetails":[],"failureMessages":[],"fullName":"AutomatedTellerMachine/AutomatedTellerMachineSystem/printReceipt returns zero when neither withdraw nor deposit occurred","invocations":1,"location":null,"numPassingAsserts":1,"retryReasons":[],"status":"passed","title":"returns zero when neither withdraw nor deposit occurred"},{"ancestorTitles":["AutomatedTellerMachine/AutomatedTellerMachineSystem/printReceipt"],"duration":5,"failureDetails":[],"failureMessages":[],"fullName":"AutomatedTellerMachine/AutomatedTellerMachineSystem/printReceipt rejects when session is not authenticated","invocations":1,"location":null,"numPassingAsserts":1,"retryReasons":[],"status":"passed","title":"rejects when session is not authenticated"}],"endTime":1788227919631,"message":"","name":"E:\\VSCode\\VSCode-win32-x64-1.100.3\\workspace\\home\\Contractgen\\test\\AutomatedTellerMachine-AutomatedTellerMachineSystem-printReceipt\\index.test.ts","startTime":1788227919591,"status":"passed","summary":""},{"assertionResults":[{"ancestorTitles":["LoanProcessingSystem/ManageLoanTermCRUDService/queryLoanTerm"],"duration":1,"failureDetails":[],"failureMessages":[],"fullName":"LoanProcessingSystem/ManageLoanTermCRUDService/queryLoanTerm Happy Path","invocations":1,"location":null,"numPassingAsserts":1,"retryReasons":[],"status":"passed","title":"Happy Path"},{"ancestorTitles":["LoanProcessingSystem/ManageLoanTermCRUDService/queryLoanTerm"],"duration":4,"failureDetails":[],"failureMessages":[],"fullName":"LoanProcessingSystem/ManageLoanTermCRUDService/queryLoanTerm rejects when referenced entity does not exist","invocations":1,"location":null,"numPassingAsserts":1,"retryReasons":[],"status":"passed","title":"rejects when referenced entity does not exist"}],"endTime":1788227919675,"message":"","name":"E:\\VSCode\\VSCode-win32-x64-1.100.3\\workspace\\home\\Contractgen\\test\\LoanProcessingSystem-ManageLoanTermCRUDService-queryLoanTerm\\index.test.ts","startTime":1788227919634,"status":"passed","summary":""},{"assertionResults":[{"ancestorTitles":["LoanProcessingSystem/GenerateLoanLetterAndAgreementModule/generateLoanAgreement"],"duration":1,"failureDetails":[],"failureMessages":[],"fullName":"LoanProcessingSystem/GenerateLoanLetterAndAgreementModule/generateLoanAgreement Happy Path","invocations":1,"location":null,"numPassingAsserts":3,"retryReasons":[],"status":"passed","title":"Happy Path"},{"ancestorTitles":["LoanProcessingSystem/GenerateLoanLetterAndAgreementModule/generateLoanAgreement"],"duration":5,"failureDetails":[],"failureMessages":[],"fullName":"LoanProcessingSystem/GenerateLoanLetterAndAgreementModule/generateLoanAgreement rejects when precondition is violated","invocations":1,"location":null,"numPassingAsserts":1,"retryReasons":[],"status":"passed","title":"rejects when precondition is violated"}],"endTime":1788227919715,"messa
[...]
matedTellerMachine/AutomatedTellerMachineSystem/withdrawCash"],"duration":0,"failureDetails":[],"failureMessages":[],"fullName":"AutomatedTellerMachine/AutomatedTellerMachineSystem/withdrawCash rejects when session is not authenticated","invocations":1,"location":null,"numPassingAsserts":2,"retryReasons":[],"status":"passed","title":"rejects when session is not authenticated"}],"endTime":1788227920713,"message":"","name":"E:\\VSCode\\VSCode-win32-x64-1.100.3\\workspace\\home\\Contractgen\\test\\AutomatedTellerMachine-AutomatedTellerMachineSystem-withdrawCash\\index.test.ts","startTime":1788227920673,"status":"passed","summary":""},{"assertionResults":[{"ancestorTitles":["AutomatedTellerMachine/ManageBankCardCRUDService/queryBankCard"],"duration":1,"failureDetails":[],"failureMessages":[],"fullName":"AutomatedTellerMachine/ManageBankCardCRUDService/queryBankCard Happy Path: returns the referenced card","invocations":1,"location":null,"numPassingAsserts":1,"retryReasons":[],"status":"passed","title":"Happy Path: returns the referenced card"},{"ancestorTitles":["AutomatedTellerMachine/ManageBankCardCRUDService/queryBankCard"],"duration":3,"failureDetails":[],"failureMessages":[],"fullName":"AutomatedTellerMachine/ManageBankCardCRUDService/queryBankCard rejects when card does not exist","invocations":1,"location":null,"numPassingAsserts":1,"retryReasons":[],"status":"passed","title":"rejects when card does not exist"}],"endTime":1788227920756,"message":"","name":"E:\\VSCode\\VSCode-win32-x64-1.100.3\\workspace\\home\\Contractgen\\test\\AutomatedTellerMachine-ManageBankCardCRUDService-queryBankCard\\index.test.ts","startTime":1788227920718,"status":"passed","summary":""},{"assertionResults":[{"ancestorTitles":["LoanProcessingSystem/GenerateLoanLetterAndAgreementModule/genereateApprovalLetter"],"duration":1,"failureDetails":[],"failureMessages":[],"fullName":"LoanProcessingSystem/GenerateLoanLetterAndAgreementModule/genereateApprovalLetter Happy Path","invocations":1,"location":null,"numPassingAsserts":5,"retryReasons":[],"status":"passed","title":"Happy Path"},{"ancestorTitles":["LoanProcessingSystem/GenerateLoanLetterAndAgreementModule/genereateApprovalLetter"],"duration":5,"failureDetails":[],"failureMessages":[],"fullName":"LoanProcessingSystem/GenerateLoanLetterAndAgreementModule/genereateApprovalLetter rejects when precondition is violated","invocations":1,"location":null,"numPassingAsserts":1,"retryReasons":[],"status":"passed","title":"rejects when precondition is violated"}],"endTime":1788227920804,"message":"","name":"E:\\VSCode\\VSCode-win32-x64-1.100.3\\workspace\\home\\Contractgen\\test\\LoanProcessingSystem-GenerateLoanLetterAndAgreementModule-genereateApprovalLetter\\index.test.ts","startTime":1788227920758,"status":"passed","summary":""},{"assertionResults":[{"ancestorTitles":["LibraryManagementSystem/ListBookHistory/listReservationBook"],"duration":0,"failureDetails":[],"failureMessages":[],"fullName":"LibraryManagementSystem/ListBookHistory/listReservationBook Happy Path","invocations":1,"location":null,"numPassingAsserts":1,"retryReasons":[],"status":"passed","title":"Happy Path"},{"ancestorTitles":["LibraryManagementSystem/ListBookHistory/listReservationBook"],"duration":5,"failureDetails":[],"failureMessages":[],"fullName":"LibraryManagementSystem/ListBookHistory/listReservationBook rejects when reserved book list is undefined","invocations":1,"location":null,"numPassingAsserts":1,"retryReasons":[],"status":"passed","title":"rejects when reserved book list is undefined"}],"endTime":1788227920848,"message":"","name":"E:\\VSCode\\VSCode-win32-x64-1.100.3\\workspace\\home\\Contractgen\\test\\LibraryManagementSystem-listBookHistory-listReservationBook\\index.test.ts","startTime":1788227920806,"status":"passed","summary":""},{"assertionResults":[{"ancestorTitles":["LibraryManagementSystem/LibraryManagementSystemSystem/cancelReservation"],"duration":1,"failureDetails":[],"failureMessages":[],"fullName":"LibraryManagementSystem/LibraryManagementSystemSystem/cancelReservation Happy Path","invocations":1,"location":null,"numPassingAsserts":3,"retryReasons":[],"status":"passed","title":"Happy Path"},{"ancestorTitles":["LibraryManagementSystem/LibraryManagementSystemSystem/cancelReservation"],"duration":5,"failureDetails":[],"failureMessages":[],"fullName":"LibraryManagementSystem/LibraryManagementSystemSystem/cancelReservation rejects when user does not exist","invocations":1,"location":null,"numPassingAsserts":1,"retryReasons":[],"status":"passed","title":"rejects when user does not exist"}],"endTime":1788227920896,"message":"","name":"E:\\VSCode\\VSCode-win32-x64-1.100.3\\workspace\\home\\Contractgen\\test\\LibraryManagementSystem-LibraryManagementSystemSystem-cancelReservation\\index.test.ts","startTime":1788227920852,"status":"passed","summary":""},{"assertionResults":[{"ancestorTitles":["CoCoME/ManageProductCatalogCRUDService/modifyProductCatalog"],"duration":1,"failureDetails":[],"failureMessages":[],"fullName":"CoCoME/ManageProductCatalogCRUDService/modifyProductCatalog Happy Path","invocations":1,"location":null,"numPassingAsserts":2,"retryReasons":[],"status":"passed","title":"Happy Path"},{"ancestorTitles":["CoCoME/ManageProductCatalogCRUDService/modifyProductCatalog"],"duration":6,"failureDetails":[],"failureMessages":[],"fullName":"CoCoME/ManageProductCatalogCRUDService/modifyProductCatalog rejects when referenced entity does not exist","invocations":1,"location":null,"numPassingAsserts":1,"retryReasons":[],"status":"passed","title":"rejects when referenced entity does not exist"}],"endTime":1788227920943,"message":"","name":"E:\\VSCode\\VSCode-win32-x64-1.100.3\\workspace\\home\\Contractgen\\test\\CoCoME-ManageProductCatalogCRUDService-modifyProductCatalog\\index.test.ts","startTime":1788227920898,"status":"passed","summary":""},{"assertionResults":[{"ancestorTitles":["CoCoME/ManageCashierCRUDService/createCashier"],"duration":1,"failureDetails":[],"failureMessages":[],"fullName":"CoCoME/ManageCashierCRUDService/createCashier Happy Path","invocations":1,"location":null,"numPassingAsserts":2,"retryReasons":[],"status":"passed","title":"Happy Path"},{"ancestorTitles":["CoCoME/ManageCashierCRUDService/createCashier"],"duration":4,"failureDetails":[],"failureMessages":[],"fullName":"CoCoME/ManageCashierCRUDService/createCashier rejects when identifier is already used","invocations":1,"location":null,"numPassingAsserts":3,"retryReasons":[],"status":"passed","title":"rejects when identifier is already used"}],"endTime":1788227920991,"message":"","name":"E:\\VSCode\\VSCode-win32-x64-1.100.3\\workspace\\home\\Contractgen\\test\\CoCoME-ManageCashierCRUDService-createCashier\\index.test.ts","startTime":1788227920945,"status":"passed","summary":""},{"assertionResults":[{"ancestorTitles":["AutomatedTellerMachine/ManageBankCardCRUDService/modifyBankCard"],"duration":1,"failureDetails":[],"failureMessages":[],"fullName":"AutomatedTellerMachine/ManageBankCardCRUDService/modifyBankCard Happy Path: updates card fields","invocations":1,"location":null,"numPassingAsserts":5,"retryReasons":[],"status":"passed","title":"Happy Path: updates card fields"},{"ancestorTitles":["AutomatedTellerMachine/ManageBankCardCRUDService/modifyBankCard"],"duration":4,"failureDetails":[],"failureMessages":[],"fullName":"AutomatedTellerMachine/ManageBankCardCRUDService/modifyBankCard rejects when card does not exist","invocations":1,"location":null,"numPassingAsserts":2,"retryReasons":[],"status":"passed","title":"rejects when card does not exist"}],"endTime":1788227921060,"message":"","name":"E:\\VSCode\\VSCode-win32-x64-1.100.3\\workspace\\home\\Contractgen\\test\\AutomatedTellerMachine-ManageBankCardCRUDService-modifyBankCard\\index.test.ts","startTime":1788227920996,"status":"passed","summary":""},{"assertionResults":[{"ancestorTitles":["LoanProcessingSystem/ManageLoanTermCRUDService/deleteLoanTerm"],"duration":0,"failureDetails":[],"failureMessages":[],"fullName":"LoanProcessingSystem/ManageLoanTermCRUDService/deleteLoanTerm Happy Path","invocations":1,"location":null,"numPassingAsserts":2,"retryReasons":[],"status":"passed","title":"Happy Path"},{"ancestorTitles":["LoanProcessingSystem/ManageLoanTermCRUDService/deleteLoanTerm"],"duration":5,"failureDetails":[],"failureMessages":[],"fullName":"LoanProcessingSystem/ManageLoanTermCRUDService/deleteLoanTerm rejects when referenced entity does not exist","invocations":1,"location":null,"numPassingAsserts":1,"retryReasons":[],"status":"passed","title":"rejects when referenced entity does not exist"}],"endTime":1788227921101,"message":"","name":"E:\\VSCode\\VSCode-win32-x64-1.100.3\\workspace\\home\\Contractgen\\test\\LoanProcessingSystem-ManageLoanTermCRUDService-deleteLoanTerm\\index.test.ts","startTime":1788227921063,"status":"passed","summary":""},{"assertionResults":[{"ancestorTitles":["LoanProcessingSystem/ManageLoanTermCRUDService/createLoanTerm"],"duration":1,"failureDetails":[],"failureMessages":[],"fullName":"LoanProcessingSystem/ManageLoanTermCRUDService/createLoanTerm Happy Path","invocations":1,"location":null,"numPassingAsserts":3,"retryReasons":[],"status":"passed","title":"Happy Path"},{"ancestorTitles":["LoanProcessingSystem/ManageLoanTermCRUDService/createLoanTerm"],"duration":5,"failureDetails":[],"failureMessages":[],"fullName":"LoanProcessingSystem/ManageLoanTermCRUDService/createLoanTerm rejects when identifier is already used","invocations":1,"location":null,"numPassingAsserts":4,"retryReasons":[],"status":"passed","title":"rejects when identifier is already used"}],"endTime":1788227921146,"message":"","name":"E:\\VSCode\\VSCode-win32-x64-1.100.3\\workspace\\home\\Contractgen\\test\\LoanProcessingSystem-ManageLoanTermCRUDService-createLoanTerm\\index.test.ts","startTime":1788227921104,"status":"passed","summary":""},{"assertionResults":[{"ancestorTitles":["LibraryManagementSystem/ListBookHistory/listHodingBook"],"duration":1,"failureDetails":[],"failureMessages":[],"fullName":"LibraryManagementSystem/ListBookHistory/listHodingBook Happy Path","invocations":1,"location":null,"numPassingAsserts":2,"retryReasons":[],"status":"passed","title":"Happy Path"},{"ancestorTitles":["LibraryManagementSystem/ListBookHistory/listHodingBook"],"duration":6,"failureDetails":[],"failureMessages":[],"fullName":"LibraryManagementSystem/ListBookHistory/listHodingBook rejects when precondition is violated","invocations":1,"location":null,"numPassingAsserts":1,"retryReasons":[],"status":"passed","title":"rejects when precondition is violated"}],"endTime":1788227921188,"message":"","name":"E:\\VSCode\\VSCode-win32-x64-1.100.3\\workspace\\home\\Contractgen\\test\\LibraryManagementSystem-listBookHistory-listHodingBook\\index.test.ts","startTime":1788227921148,"status":"passed","summary":""},{"assertionResults":[{"ancestorTitles":["CoCoME/ManageItemCRUDService/queryItem"],"duration":1,"failureDetails":[],"failureMessages":[],"fullName":"CoCoME/ManageItemCRUDService/queryItem Happy Path","invocations":1,"location":null,"numPassingAsserts":1,"retryReasons":[],"status":"passed","title":"Happy Path"},{"ancestorTitles":["CoCoME/ManageItemCRUDService/queryItem"],"duration":6,"failureDetails":[],"failureMessages":[],"fullName":"CoCoME/ManageItemCRUDService/queryItem rejects when referenced entity does not exist","invocations":1,"location":null,"numPassingAsserts":1,"retryReasons":[],"status":"passed","title":"rejects when referenced entity does not exist"}],"endTime":1788227921236,"message":"","name":"E:\\VSCode\\VSCode-win32-x64-1.100.3\\workspace\\home\\Contractgen\\test\\CoCoME-ManageItemCRUDService-queryItem\\index.test.ts","startTime":1788227921192,"status":"passed","summary":""},{"assertionResults":[{"ancestorTitles":["LoanProcessingSystem/EvaluateLoanRequestModule/reviewCheckingAccount"],"duration":0,"failureDetails":[],"failureMessages":[],"fullName":"LoanProcessingSystem/EvaluateLoanRequestModule/reviewCheckingAccount Happy Path","invocations":1,"location":null,"numPassingAsserts":1,"retryReasons":[],"status":"passed","title":"Happy Path"},{"ancestorTitles":["LoanProcessingSystem/EvaluateLoanRequestModule/reviewCheckingAccount"],"duration":5,"failureDetails":[],"failureMessages":[],"fullName":"LoanProcessingSystem/EvaluateLoanRequestModule/reviewCheckingAccount rejects when precondition is violated","invocations":1,"location":null,"numPassingAsserts":1,"retryReasons":[],"status":"passed","title":"rejects when precondition is violated"}],"endTime":1788227921286,"message":"","name":"E:\\VSCode\\VSCode-win32-x64-1.100.3\\workspace\\home\\Contractgen\\test\\LoanProcessingSystem-EvaluateLoanRequestModule-reviewCheckingAccount\\index.test.ts","startTime":1788227921239,"status":"passed","summary":""},{"assertionResults":[{"ancestorTitles":["CoCoME/ManageItemCRUDService/deleteItem"],"duration":1,"failureDetails":[],"failureMessages":[],"fullName":"CoCoME/ManageItemCRUDService/deleteItem Happy Path","invocations":1,"location":null,"numPassingAsserts":2,"retryReasons":[],"status":"passed","title":"Happy Path"},{"ancestorTitles":["CoCoME/ManageItemCRUDService/deleteItem"],"duration":7,"failureDetails":[],"failureMessages":[],"fullName":"CoCoME/ManageItemCRUDService/deleteItem rejects when referenced entity does not exist","invocations":1,"location":null,"numPassingAsserts":1,"retryReasons":[],"status":"passed","title":"rejects when referenced entity does not exist"}],"endTime":1788227921343,"message":"","name":"E:\\VSCode\\VSCode-win32-x64-1.100.3\\workspace\\home\\Contractgen\\test\\CoCoME-ManageItemCRUDService-deleteItem\\index.test.ts","startTime":1788227921289,"status":"passed","summary":""},{"assertionResults":[{"ancestorTitles":["CoCoME/CoCoMESystem/showStockReports"],"duration":1,"failureDetails":[],"failureMessages":[],"fullName":"CoCoME/CoCoMESystem/showStockReports Happy Path","invocations":1,"location":null,"numPassingAsserts":1,"retryReasons":[],"status":"passed","title":"Happy Path"},{"ancestorTitles":["CoCoME/CoCoMESystem/showStockReports"],"duration":1,"failureDetails":[],"failureMessages":[],"fullName":"CoCoME/CoCoMESystem/showStockReports returns every stocked item without changing the repository","invocations":1,"location":null,"numPassingAsserts":3,"retryReasons":[],"status":"passed","title":"returns every stocked item without changing the repository"}],"endTime":1788227921396,"message":"","name":"E:\\VSCode\\VSCode-win32-x64-1.100.3\\workspace\\home\\Contractgen\\test\\CoCoME-CoCoMESystem-showStockReports\\index.test.ts","startTime":1788227921348,"status":"passed","summary":""},{"assertionResults":[{"ancestorTitles":["CoCoME/CoCoMESystem/listSuppliers"],"duration":1,"failureDetails":[],"failureMessages":[],"fullName":"CoCoME/CoCoMESystem/listSuppliers returns every registered supplier","invocations":1,"location":null,"numPassingAsserts":3,"retryReasons":[],"status":"passed","title":"returns every registered supplier"},{"ancestorTitles":["CoCoME/CoCoMESystem/listSuppliers"],"duration":1,"failureDetails":[],"failureMessages":[],"fullName":"CoCoME/CoCoMESystem/listSuppliers returns an empty collection when no suppliers are registered","invocations":1,"location":null,"numPassingAsserts":2,"retryReasons":[],"status":"passed","title":"returns an empty collection when no suppliers are registered"}],"endTime":1788227921444,"message":"","name":"E:\\VSCode\\VSCode-win32-x64-1.100.3\\workspace\\home\\Contractgen\\test\\CoCoME-CoCoMESystem-listSuppliers\\index.test.ts","startTime":1788227921399,"status":"passed","summary":""},{"assertionResults":[{"ancestorTitles":["LoanProcessingSystem/EvaluateLoanRequestModule/listTenLoanRequest"],"duration":1,"failureDetails":[],"failureMessages":[],"fullName":"LoanProcessingSystem/EvaluateLoanRequestModule/listTenLoanRequest Happy Path","invocations":1,"location":null,"numPassingAsserts":2,"retryReasons":[],"status":"passed","title":"Happy Path"},{"ancestorTitles":["LoanProcessingSystem/EvaluateLoanRequestModule/listTenLoanRequest"],"duration":1,"failureDetails":[],"failureMessages":[],"fullName":"LoanProcessingSystem/EvaluateLoanRequestModule/listTenLoanRequest selects only requests whose references are validated","invocations":1,"location":null,"numPassingAsserts":3,"retryReasons":[],"status":"passed","title":"selects only requests whose references are validated"}],"endTime":1788227921491,"message":"","name":"E:\\VSCode\\VSCode-win32-x64-1.100.3\\workspace\\home\\Contractgen\\test\\LoanProcessingSystem-EvaluateLoanRequestModule-listTenLoanRequest\\index.test.ts","startTime":1788227921446,"status":"passed","summary":""},{"assertionResults":[{"ancestorTitles":["LibraryManagementSystem/LibraryManagementSystemSystem/countDownSuspensionDay"],"duration":1,"failureDetails":[],"failureMessages":[],"fullName":"LibraryManagementSystem/LibraryManagementSystemSystem/countDownSuspensionDay Happy Path","invocations":1,"location":null,"numPassingAsserts":4,"retryReasons":[],"status":"passed","title":"Happy Path"},{"ancestorTitles":["LibraryManagementSystem/LibraryManagementSystemSystem/countDownSuspensionDay"],"duration":0,"failureDetails":[],"failureMessages":[],"fullName":"LibraryManagementSystem/LibraryManagementSystemSystem/countDownSuspensionDay does not change ineligible users or clear a suspension with an outstanding fee","invocations":1,"location":null,"numPassingAsserts":5,"retryReasons":[],"status":"passed","title":"does not change ineligible users or clear a suspension with an outstanding fee"}],"endTime":1788227921542,"message":"","name":"E:\\VSCode\\VSCode-win32-x64-1.100.3\\workspace\\home\\Contractgen\\test\\LibraryManagementSystem-LibraryManagementSystemSystem-countDownSuspensionDay\\index.test.ts","startTime":1788227921494,"status":"passed","summary":""},{"assertionResults":[{"ancestorTitles":["LoanProcessingSystem/GenerateLoanLetterAndAgreementModule/listApprovalRequest"],"duration":0,"failureDetails":[],"failureMessages":[],"fullName":"LoanProcessingSystem/GenerateLoanLetterAndAgreementModule/listApprovalRequest Happy Path","invocations":1,"location":null,"numPassingAsserts":2,"retryReasons":[],"status":"passed","title":"Happy Path"},{"ancestorTitles":["LoanProcessingSystem/GenerateLoanLetterAndAgreementModule/listApprovalRequest"],"duration":1,"failureDetails":[],"failureMessages":[],"fullName":"LoanProcessingSystem/GenerateLoanLetterAndAgreementModule/listApprovalRequest selects approved requests and excludes all other statuses","invocations":1,"location":null,"numPassingAsserts":3,"retryReasons":[],"status":"passed","title":"selects approved requests and excludes all other statuses"}],"endTime":1788227921598,"message":"","name":"E:\\VSCode\\VSCode-win32-x64-1.100.3\\workspace\\home\\Contractgen\\test\\LoanProcessingSystem-GenerateLoanLetterAndAgreementModule-listApprovalRequest\\index.test.ts","startTime":1788227921545,"status":"passed","summary":""},{"assertionResults":[{"ancestorTitles":["CoCoME/CoCoMEOrderProducts/listAllOutOfStoreProducts"],"duration":0,"failureDetails":[],"failureMessages":[],"fullName":"CoCoME/CoCoMEOrderProducts/listAllOutOfStoreProducts returns every out-of-stock item and excludes stocked items","invocations":1,"location":null,"numPassingAsserts":3,"retryReasons":[],"status":"passed","title":"returns every out-of-stock item and excludes stocked items"},{"ancestorTitles":["CoCoME/CoCoMEOrderProducts/listAllOutOfStoreProducts"],"duration":0,"failureDetails":[],"failureMessages":[],"fullName":"CoCoME/CoCoMEOrderProducts/listAllOutOfStoreProducts returns an empty collection when every item is in stock","invocations":1,"location":null,"numPassingAsserts":1,"retryReasons":[],"status":"passed","title":"returns an empty collection when every item is in stock"}],"endTime":1788227921638,"message":"","name":"E:\\VSCode\\VSCode-win32-x64-1.100.3\\workspace\\home\\Contractgen\\test\\CoCoME-CoCoMEOrderProducts-listAllOutOfStoreProducts\\index.test.ts","startTime":1788227921602,"status":"passed","summary":""}],"wasInterrupted":false}
