{"numFailedTestSuites":0,"numFailedTests":0,"numPassedTestSuites":14,"numPassedTests":30,"numPendingTestSuites":0,"numPendingTests":0,"numRuntimeErrorTestSuites":0,"numTodoTests":0,"numTotalTestSuites":14,"numTotalTests":30,"openHandles":[],"snapshot":{"added":0,"didUpdate":false,"failure":false,"filesAdded":0,"filesRemoved":0,"filesRemovedList":[],"filesUnmatched":0,"filesUpdated":0,"matched":0,"total":0,"unchecked":0,"uncheckedKeysByFile":[],"unmatched":0,"updated":0},"startTime":1788227922632,"success":true,"testResults":[{"assertionResults":[{"ancestorTitles":["LoanProcessingSystem/EvaluateLoanRequestModule/listTenLoanRequest"],"duration":3,"failureDetails":[],"failureMessages":[],"fullName":"LoanProcessingSystem/EvaluateLoanRequestModule/listTenLoanRequest Happy Path","invocations":1,"location":null,"numPassingAsserts":10,"retryReasons":[],"status":"passed","title":"Happy Path"},{"ancestorTitles":["LoanProcessingSystem/EvaluateLoanRequestModule/listTenLoanRequest"],"duration":1,"failureDetails":[],"failureMessages":[],"fullName":"LoanProcessingSystem/EvaluateLoanRequestModule/listTenLoanRequest selects only requests whose references are validated","invocations":1,"location":null,"numPassingAsserts":14,"retryReasons":[],"status":"passed","title":"selects only requests whose references are validated"}],"endTime":1788227922977,"message":"","name":"E:\\VSCode\\VSCode-win32-x64-1.100.3\\workspace\\home\\Contractgen\\data\\operation_revision\\oracles_v2\\LoanProcessingSystem-EvaluateLoanRequestModule-listTenLoanRequest\\index.test.ts","startTime":1788227922682,"status":"passed","summary":""},{"assertionResults":[{"ancestorTitles":["LibraryManagementSystem/LibraryManagementSystemSystem/recommendBook"],"duration":4,"failureDetails":[],"failureMessages":[],"fullName":"LibraryManagementSystem/LibraryManagementSystemSystem/recommendBook Happy Path","invocations":1,"location":null,"numPassingAsserts":12,"retryReasons":[],"status":"passed","title":"Happy Path"},{"ancestorTitles":["LibraryManagementSystem/LibraryManagementSystemSystem/recommendBook"],"duration":11,"failureDetails":[],"failureMessages":[],"fullName":"LibraryManagementSystem/LibraryManagementSystemSystem/recommendBook rejects when precondition is violated","invocations":1,"location":null,"numPassingAsserts":1,"retryReasons":[],"status":"passed","title":"rejects when precondition is violated"}],"endTime":1788227923062,"message":"","name":"E:\\VSCode\\VSCode-win32-x64-1.100.3\\workspace\\home\\Contractgen\\data\\operation_revision\\oracles_v2\\LibraryManagementSystem-LibraryManagementSystemSystem-recommendBook\\index.test.ts","startTime":1788227922988,"status":"passed","summary":""},{"assertionResults":[{"ancestorTitles":["Airport/AirportSystem/createStaff"],"duration":2,"failureDetails":[],"failureMessages":[],"fullName":"Airport/AirportSystem/createStaff creates staff when boss lookup has no match and returns true","invocations":1,"location":null,"numPassingAsserts":6,"retryReasons":[],"status":"passed","title":"creates staff when boss lookup has no match and returns true"},{"ancestorTitles":["Airport/AirportSystem/createStaff"],"duration":0,"failureDetails":[],"failureMessages":[],"fullName":"Airport/AirportSystem/createStaff Happy Path: links boss when the referenced staff exists","invocations":1,"location":null,"numPassingAsserts":2,"retryReasons":[],"status":"passed","title":"Happy Path: links boss when the referenced staff exists"},{"ancestorTitles":["Airport/AirportSystem/createStaff"],"duration":7,"failureDetails":[],"failureMessages":[],"fullName":"Airport/AirportSystem/createStaff rejects when staff identifier is already used","invocations":1,"location":null,"numPassingAsserts":3,"retryReasons":[],"status":"passed","title":"rejects when staff identifier is already used"}],"endTime":1788227923129,"message":"","name":"E:\\VSCode\\VSCode-win32-x64-1.100.3\\workspace\\home\\Contractgen\\data\\operation_revision\\oracles_v2\\Airport-AirportSystem-createStaff\\index.test.ts","startTime":1788227923066,"status":"passed","summary":""},{"assertionResults":[{"ancestorTitles":["LoanProcessingSystem/EnterValidatedCreditReferencesModule/listSubmitedLoanRequest"],"duration":2,"failureDetails":[],"failureMessages":[],"fullName":"LoanProcessingSystem/EnterValidatedCreditReferencesModule/listSubmitedLoanRequest Happy Path","invocations":1,"location":null,"numPassingAsserts":10,"retryReasons":[],"status":"passed","title":"Happy Path"},{"ancestorTitles":["LoanProcessingSystem/EnterValidatedCreditReferencesModule/listSubmitedLoanRequest"],"duration":4,"failureDetails":[],"failureMessages":[],"fullName":"LoanProcessingSystem/EnterValidatedCreditReferencesModule/listSubmitedLoanRequest rejects when precondition is violated","invocations":1,"location":null,"numPassingAsserts":1,"retryReasons":[],"status":"passed","title":"rejects when precondition is violated"}],"endTime":1788227923182,"message":"","name":"E:\\VSCode\\VSCode-win32-x64-1.100.3\\workspace\\home\\Contractgen\\data\\operation_revision\\oracles_v2\\LoanProcessingSystem-EnterValidatedCreditReferencesModule-listSubmitedLoanRequest\\index.test.ts","startTime":1788227923132,"status":"passed","summary":""},{"assertionResults":[{"ancestorTitles":["LibraryManagementSystem/ListBookHistory/listHodingBook"],"duration":1,"failureDetails":[],"failureMessages":[],"fullName":"LibraryManagementSystem/ListBookHistory/listHodingBook Happy Path","invocations":1,"location":null,"numPassingAsserts":5,"retryReasons":[],"status":"passed","title":"Happy Path"},{"ancestorTitles":["LibraryManagementSystem/ListBookHistory/listHodingBook"],"duration":5,"failureDetails":[],"failureMessages":[],"fullName":"LibraryManagementSystem/ListBookHistory/listHodingBook rejects when precondition is violated","invocations":1,"location":null,"numPassingAsserts":1,"retryReasons":[],"status":"passed","title":"rejects when precondition is violated"}],"endTime":1788227923233,"message":"","name":"E:\\VSCode\\VSCode-win32-x64-1.100.3\\workspace\\home\\Contractgen\\data\\operation_revision\\oracles_v2\\LibraryManagementSystem-listBookHistory-listHodingBook\\index.test.ts","startTime":1788227923185,"status":"passed","summary":""},{"assertionResults":[{"ancestorTitles":["LibraryManagementSystem/ListBookHistory/listBorrowHistory"],"duration":1,"failureDetails":[],"failureMessages":[],"fullName":"LibraryManagementSystem/ListBookHistory/listBorrowHistory Happy Path","invocations":1,"location":null,"numPassingAsserts":5,"retryReasons":[],"status":"passed","title":"Happy Path"},{"ancestorTitles":["LibraryManagementSystem/ListBookHistory/listBorrowHistory"],"duration":5,"failureDetails":[],"failureMessages":[],"fullName":"LibraryManagementSystem/ListBookHistory/listBorrowHistory rejects when precondition is violated","invocations":1,"location":null,"numPassingAsserts":1,"retryReasons":[],"status":"passed","title":"rejects when precondition is violated"}],"endTime":1788227923287,"message":"","name":"E:\\VSCode\\VSCode-win32-x64-1.100.3\\workspace\\home\\Contractgen\\data\\operation_revision\\oracles_v2\\LibraryManagementSystem-listBookHistory-listBorrowHistory\\index.test.ts","startTime":1788227923237,"status":"passed","summary":""},{"assertionResults":[{"ancestorTitles":["LibraryManagementSystem/LibraryManagementSystemSystem/listRecommendBook"],"duration":0,"failureDetails":[],"failureMessages":[],"fullName":"LibraryManagementSystem/LibraryManagementSystemSystem/listRecommendBook Happy Path","invocations":1,"location":null,"numPassingAsserts":5,"retryReasons":[],"status":"passed","title":"Happy Path"},{"ancestorTitles":["LibraryManagementSystem/LibraryManagementSystemSystem/listRecommendBook"],"duration":5,"failureDetails":[],"failureMessages":[],"fullName":"LibraryManagementSystem/LibraryManagementSystemSystem/listRecommendBook rejects when recommended book list is undefined","invocations":1,"location":null,"numPassingAsserts":1,"retryReasons":[],"status":"passed","title":"rejects when recommended book list is undefined"}],"endTime":1788227923344,"message":"","name":"E:\\VSCode\\VSCode-win32-x64-1.100.3\\workspace\\home\\Contractgen\\data\\operation_revision\\oracles_v2\\LibraryManagementSystem-LibraryManagementSystemSystem-listRecommendBook\\index.test.ts","startTime":1788227923289,"status":"passed","summary":""},{"assertionResults":[{"ancestorTitles":["AutomatedTellerMachine/AutomatedTellerMachineSystem/ejectCard"],"duration":1,"failureDetails":[],"failureMessages":[],"fullName":"AutomatedTellerMachine/AutomatedTellerMachineSystem/ejectCard Happy Path: clears session and transaction state","invocations":1,"location":null,"numPassingAsserts":8,"retryReasons":[],"status":"passed","title":"Happy Path: clears session and transaction state"},{"ancestorTitles":["AutomatedTellerMachine/AutomatedTellerMachineSystem/ejectCard"],"duration":6,"failureDetails":[],"failureMessages":[],"fullName":"AutomatedTellerMachine/AutomatedTellerMachineSystem/ejectCard rejects when session is not authenticated","invocations":1,"location":null,"numPassingAsserts":2,"retryReasons":[],"status":"passed","title":"rejects when session is not authenticated"}],"endTime":1788227923407,"message":"","name":"E:\\VSCode\\VSCode-win32-x64-1.100.3\\workspace\\home\\Contractgen\\data\\operation_revision\\oracles_v2\\AutomatedTellerMachine-AutomatedTellerMachineSystem-ejectCard\\index.test.ts","startTime":1788227923348,"status":"passed","summary":""},{"assertionResults":[{"ancestorTitles":["CoCoME/CoCoMESystem/listSuppliers"],"duration":1,"failureDetails":[],"failureMessages":[],"fullName":"CoCoME/CoCoMESystem/listSuppliers returns every registered supplier","invocations":1,"location":null,"numPassingAsserts":8,"retryReasons":[],"status":"passed","title":"returns every registered supplier"},{"ancestorTitles":["CoCoME/CoCoMESystem/listSuppliers"],"duration":1,"failureDetails":[],"failureMessages":[],"fullName":"CoCoME/CoCoMESystem/listSuppliers returns an empty collection when no suppliers are registered","invocations":1,"location":null,"numPassingAsserts":1,"retryReasons":[],"status":"passed","title":"returns an empty collection when no suppliers are registered"}],"endTime":1788227923463,"message":"","name":"E:\\VSCode\\VSCode-win32-x64-1.100.3\\workspace\\home\\Contractgen\\data\\operation_revision\\oracles_v2\\CoCoME-CoCoMESystem-listSuppliers\\index.test.ts","startTime":1788227923412,"status":"passed","summary":""},{"assertionResults":[{"ancestorTitles":["CoCoME/CoCoMEOrderProducts/listAllOutOfStoreProducts"],"duration":0,"failureDetails":[],"failureMessages":[],"fullName":"CoCoME/CoCoMEOrderProducts/listAllOutOfStoreProducts returns every out-of-stock item and excludes stocked items","invocations":1,"location":null,"numPassingAsserts":9,"retryReasons":[],"status":"passed","title":"returns every out-of-stock item and excludes stocked items"},{"ancestorTitles":["CoCoME/CoCoMEOrderProducts/listAllOutOfStoreProducts"],"duration":0,"failureDetails":[],"failureMessages":[],"fullName":"CoCoME/CoCoMEOrderProducts/listAllOutOfStoreProducts returns an empty collection when every item is in stock","invocations":1,"location":null,"numPassingAsserts":1,"retryReasons":[],"status":"passed","title":"returns an empty collection when every item is in stock"}],"endTime":1788227923517,"message":"","name":"E:\\VSCode\\VSCode-win32-x64-1.100.3\\workspace\\home\\Contractgen\\data\\operation_revision\\oracles_v2\\CoCoME-CoCoMEOrderProducts-listAllOutOfStoreProducts\\index.test.ts","startTime":1788227923466,"status":"passed","summary":""},{"assertionResults":[{"ancestorTitles":["AutomatedTellerMachine/AutomatedTellerMachineSystem/checkBalance"],"duration":1,"failureDetails":[],"failureMessages":[],"fullName":"AutomatedTellerMachine/AutomatedTellerMachineSystem/checkBalance returns the specified current-card balance","invocations":1,"location":null,"numPassingAsserts":1,"retryReasons":[],"status":"passed","title":"returns the specified current-card balance"},{"ancestorTitles":["AutomatedTellerMachine/AutomatedTellerMachineSystem/checkBalance"],"duration":5,"failureDetails":[],"failureMessages":[],"fullName":"AutomatedTellerMachine/AutomatedTellerMachineSystem/checkBalance rejects when password is not validated","invocations":1,"location":null,"numPassingAsserts":2,"retryReasons":[],"status":"passed","title":"rejects when password is not validated"},{"ancestorTitles":["AutomatedTellerMachine/AutomatedTellerMachineSystem/checkBalance"],"duration":0,"failureDetails":[],"failureMessages":[],"fullName":"AutomatedTellerMachine/AutomatedTellerMachineSystem/checkBalance rejects when current card is missing","invocations":1,"location":null,"numPassingAsserts":1,"retryReasons":[],"status":"passed","title":"rejects when current card is missing"}],"endTime":1788227923572,"message":"","name":"E:\\VSCode\\VSCode-win32-x64-1.100.3\\workspace\\home\\Contractgen\\data\\operation_revision\\oracles_v2\\AutomatedTellerMachine-AutomatedTellerMachineSystem-checkBalance\\index.test.ts","startTime":1788227923520,"status":"passed","summary":""},{"assertionResults":[{"ancestorTitles":["LoanProcessingSystem/EvaluateLoanRequestModule/listAvaiableLoanTerm"],"duration":1,"failureDetails":[],"failureMessages":[],"fullName":"LoanProcessingSystem/EvaluateLoanRequestModule/listAvaiableLoanTerm Happy Path","invocations":1,"location":null,"numPassingAsserts":3,"retryReasons":[],"status":"passed","title":"Happy Path"},{"ancestorTitles":["LoanProcessingSystem/EvaluateLoanRequestModule/listAvaiableLoanTerm"],"duration":1,"failureDetails":[],"failureMessages":[],"fullName":"LoanProcessingSystem/EvaluateLoanRequestModule/listAvaiableLoanTerm returns all registered loan terms irrespective of array representation","invocations":1,"location":null,"numPassingAsserts":7,"retryReasons":[],"status":"passed","title":"returns all registered loan terms irrespective of array representation"}],"endTime":1788227923617,"message":"","name":"E:\\VSCode\\VSCode-win32-x64-1.100.3\\workspace\\home\\Contractgen\\data\\operation_revision\\oracles_v2\\LoanProcessingSystem-EvaluateLoanRequestModule-listAvaiableLoanTerm\\index.test.ts","startTime":1788227923575,"status":"passed","summary":""},{"assertionResults":[{"ancestorTitles":["CoCoME/CoCoMESystem/showStockReports"],"duration":0,"failureDetails":[],"failureMessages":[],"fullName":"CoCoME/CoCoMESystem/showStockReports Happy Path","invocations":1,"location":null,"numPassingAsserts":3,"retryReasons":[],"status":"passed","title":"Happy Path"},{"ancestorTitles":["CoCoME/CoCoMESystem/showStockReports"],"duration":1,"failureDetails":[],"failureMessages":[],"fullName":"CoCoME/CoCoMESystem/showStockReports returns all registered items irrespective of array representation","invocations":1,"location":null,"numPassingAsserts":7,"retryReasons":[],"status":"passed","title":"returns all registered items irrespective of array representation"}],"endTime":1788227923668,"message":"","name":"E:\\VSCode\\VSCode-win32-x64-1.100.3\\workspace\\home\\Contractgen\\data\\operation_revision\\oracles_v2\\CoCoME-CoCoMESystem-showStockReports\\index.test.ts","startTime":1788227923620,"status":"passed","summary":""},{"assertionResults":[{"ancestorTitles":["LoanProcessingSystem/GenerateLoanLetterAndAgreementModule/listApprovalRequest"],"duration":1,"failureDetails":[],"failureMessages":[],"fullName":"LoanProcessingSystem/GenerateLoanLetterAndAgreementModule/listApprovalRequest Happy Path","invocations":1,"location":null,"numPassingAsserts":10,"retryReasons":[],"status":"passed","title":"Happy Path"},{"ancestorTitles":["LoanProcessingSystem/GenerateLoanLetterAndAgreementModule/listApprovalRequest"],"duration":1,"failureDetails":[],"failureMessages":[],"fullName":"LoanProcessingSystem/GenerateLoanLetterAndAgreementModule/listApprovalRequest selects approved requests and excludes all other statuses","invocations":1,"location":null,"numPassingAsserts":14,"retryReasons":[],"status":"passed","title":"selects approved requests and excludes all other statuses"}],"endTime":1788227923718,"message":"","name":"E:\\VSCode\\VSCode-win32-x64-1.100.3\\workspace\\home\\Contractgen\\data\\operation_revision\\oracles_v2\\LoanProcessingSystem-GenerateLoanLetterAndAgreementModule-listApprovalRequest\\index.test.ts","startTime":1788227923670,"status":"passed","summary":""}],"wasInterrupted":false}
